0 verbose cli /usr/local/bin/node /usr/local/bin/npm
1 info using npm@10.7.0
2 info using node@v20.14.0
3 silly config:load:file:/usr/local/lib/node_modules/npm/npmrc
4 silly config:load:file:/Users/aureliastamati/Library/Caches/typescript/5.5/.npmrc
5 silly config:load:file:/Users/aureliastamati/.npmrc
6 silly config:load:file:/usr/local/etc/npmrc
7 verbose title npm install @types/react-dom@ts5.5
8 verbose argv "install" "--ignore-scripts" "@types/react-dom@ts5.5" "--save-dev" "--user-agent" "typesInstaller/5.5.4"
9 verbose logfile logs-max:10 dir:/Users/aureliastamati/.npm/_logs/2024-09-19T11_13_37_155Z-
10 verbose logfile /Users/aureliastamati/.npm/_logs/2024-09-19T11_13_37_155Z-debug-0.log
11 silly logfile start cleaning logs, removing 1 files
12 silly logfile done cleaning log files
13 http fetch GET 200 https://registry.npmjs.org/@types%2freact-dom 847ms (cache updated)
14 silly idealTree buildDeps
15 silly fetch manifest @types/react-dom@18.3.0
16 silly placeDep ROOT @types/react-dom@18.3.0 OK for:  want: 18.3.0
17 silly reify moves {}
18 silly audit bulk request {
18 silly audit   '@types/cross-spawn': [ '6.0.6' ],
18 silly audit   '@types/minimist': [ '1.2.5' ],
18 silly audit   '@types/node': [ '22.5.5' ],
18 silly audit   '@types/prompts': [ '2.4.9' ],
18 silly audit   '@types/prop-types': [ '15.7.13' ],
18 silly audit   '@types/react': [ '18.3.7' ],
18 silly audit   csstype: [ '3.1.3' ],
18 silly audit   kleur: [ '3.0.3' ],
18 silly audit   'types-registry': [ '0.1.686' ],
18 silly audit   'undici-types': [ '6.19.8' ],
18 silly audit   '@types/react-dom': [ '18.3.0' ]
18 silly audit }
19 http fetch POST 200 https://registry.npmjs.org/-/npm/v1/security/advisories/bulk 227ms
20 silly audit report {}
21 silly ADD node_modules/@types/react-dom
22 verbose exit 0
23 info ok
