0 verbose cli /usr/local/bin/node /usr/local/bin/npm
1 info using npm@10.7.0
2 info using node@v20.14.0
3 silly config:load:file:/usr/local/lib/node_modules/npm/npmrc
4 silly config:load:file:/Users/aureliastamati/Library/Caches/typescript/5.5/.npmrc
5 silly config:load:file:/Users/aureliastamati/.npmrc
6 silly config:load:file:/usr/local/etc/npmrc
7 verbose title npm install @types/react@ts5.5
8 verbose argv "install" "--ignore-scripts" "@types/react@ts5.5" "--save-dev" "--user-agent" "typesInstaller/5.5.4"
9 verbose logfile logs-max:10 dir:/Users/aureliastamati/.npm/_logs/2024-09-19T11_13_34_772Z-
10 verbose logfile /Users/aureliastamati/.npm/_logs/2024-09-19T11_13_34_772Z-debug-0.log
11 silly logfile start cleaning logs, removing 1 files
12 silly logfile done cleaning log files
13 http fetch GET 200 https://registry.npmjs.org/@types%2freact 382ms (cache updated)
14 silly idealTree buildDeps
15 silly fetch manifest @types/react@18.3.7
16 silly placeDep ROOT @types/react@18.3.7 OK for:  want: 18.3.7
17 silly fetch manifest csstype@^3.0.2
18 silly fetch manifest @types/prop-types@*
19 http fetch GET 200 https://registry.npmjs.org/@types%2fprop-types 69ms (cache revalidated)
20 http fetch GET 200 https://registry.npmjs.org/csstype 139ms (cache revalidated)
21 silly placeDep ROOT @types/prop-types@15.7.13 OK for: @types/react@18.3.7 want: *
22 silly placeDep ROOT csstype@3.1.3 OK for: @types/react@18.3.7 want: ^3.0.2
23 silly reify moves {}
24 silly audit bulk request {
24 silly audit   '@types/cross-spawn': [ '6.0.6' ],
24 silly audit   '@types/minimist': [ '1.2.5' ],
24 silly audit   '@types/node': [ '22.5.5' ],
24 silly audit   '@types/prompts': [ '2.4.9' ],
24 silly audit   kleur: [ '3.0.3' ],
24 silly audit   'types-registry': [ '0.1.686' ],
24 silly audit   'undici-types': [ '6.19.8' ],
24 silly audit   '@types/react': [ '18.3.7' ],
24 silly audit   '@types/prop-types': [ '15.7.13' ],
24 silly audit   csstype: [ '3.1.3' ]
24 silly audit }
25 http fetch POST 200 https://registry.npmjs.org/-/npm/v1/security/advisories/bulk 234ms
26 silly audit report {}
27 silly ADD node_modules/csstype
28 silly ADD node_modules/@types/prop-types
29 silly ADD node_modules/@types/react
30 verbose exit 0
31 info ok
