0 verbose cli /usr/local/bin/node /usr/local/bin/npm
1 info using npm@10.7.0
2 info using node@v20.14.0
3 silly config:load:file:/usr/local/lib/node_modules/npm/npmrc
4 silly config:load:file:/Users/aureliastamati/Desktop/game-hub/.npmrc
5 silly config:load:file:/Users/aureliastamati/.npmrc
6 silly config:load:file:/usr/local/etc/npmrc
7 verbose title npm i
8 verbose argv "i"
9 verbose logfile logs-max:10 dir:/Users/aureliastamati/.npm/_logs/2024-09-19T11_52_26_603Z-
10 verbose logfile /Users/aureliastamati/.npm/_logs/2024-09-19T11_52_26_603Z-debug-0.log
11 silly logfile start cleaning logs, removing 1 files
12 silly logfile done cleaning log files
13 silly idealTree buildDeps
14 silly fetch manifest react@^18.2.0
15 http fetch GET 200 https://registry.npmjs.org/react 15ms (cache hit)
16 silly fetch manifest react-dom@^18.2.0
17 http fetch GET 200 https://registry.npmjs.org/react-dom 17ms (cache hit)
18 silly fetch manifest @types/react@^18.0.27
19 http fetch GET 200 https://registry.npmjs.org/@types%2freact 5ms (cache hit)
20 silly fetch manifest @types/react-dom@^18.0.10
21 http fetch GET 200 https://registry.npmjs.org/@types%2freact-dom 5ms (cache hit)
22 silly fetch manifest @vitejs/plugin-react@^3.1.0
23 http fetch GET 200 https://registry.npmjs.org/@vitejs%2fplugin-react 9ms (cache hit)
24 silly fetch manifest vite@^4.1.0
25 http fetch GET 200 https://registry.npmjs.org/vite 58ms (cache hit)
26 silly fetch manifest @types/node@>= 14
27 http fetch GET 200 https://registry.npmjs.org/@types%2fnode 17ms (cache hit)
28 silly fetch manifest less@*
29 http fetch GET 200 https://registry.npmjs.org/less 8ms (cache hit)
30 silly fetch manifest lightningcss@^1.21.0
31 http fetch GET 200 https://registry.npmjs.org/lightningcss 2ms (cache hit)
32 silly fetch manifest sass@*
33 http fetch GET 200 https://registry.npmjs.org/sass 3ms (cache hit)
34 silly fetch manifest stylus@*
35 http fetch GET 200 https://registry.npmjs.org/stylus 3ms (cache hit)
36 silly fetch manifest sugarss@*
37 http fetch GET 200 https://registry.npmjs.org/sugarss 1ms (cache hit)
38 silly fetch manifest postcss@^8.3.3
39 http fetch GET 200 https://registry.npmjs.org/postcss 3ms (cache hit)
40 silly fetch manifest terser@^5.4.0
41 http fetch GET 200 https://registry.npmjs.org/terser 3ms (cache hit)
42 silly fetch manifest typescript@^4.9.3
43 http fetch GET 200 https://registry.npmjs.org/typescript 21ms (cache hit)
44 silly placeDep ROOT @types/react@18.3.7 OK for: game-hub@0.0.0 want: ^18.0.27
45 silly placeDep ROOT @types/react-dom@18.3.0 OK for: game-hub@0.0.0 want: ^18.0.10
46 silly placeDep ROOT @vitejs/plugin-react@3.1.0 OK for: game-hub@0.0.0 want: ^3.1.0
47 silly placeDep ROOT vite@4.5.5 OK for: @vitejs/plugin-react@3.1.0 want: ^4.1.0-beta.0
48 silly placeDep ROOT react@18.3.1 OK for: game-hub@0.0.0 want: ^18.2.0
49 silly placeDep ROOT react-dom@18.3.1 OK for: game-hub@0.0.0 want: ^18.2.0
50 silly placeDep ROOT typescript@4.9.5 OK for: game-hub@0.0.0 want: ^4.9.3
51 silly fetch manifest csstype@^3.0.2
52 silly fetch manifest @types/prop-types@*
53 silly fetch manifest @babel/core@^7.20.12
54 silly fetch manifest magic-string@^0.27.0
55 silly fetch manifest react-refresh@^0.14.0
56 silly fetch manifest @babel/plugin-transform-react-jsx-self@^7.18.6
57 silly fetch manifest @babel/plugin-transform-react-jsx-source@^7.19.6
58 http fetch GET 200 https://registry.npmjs.org/@types%2fprop-types 6ms (cache hit)
59 silly fetch manifest rollup@^3.27.1
60 http fetch GET 200 https://registry.npmjs.org/magic-string 8ms (cache hit)
61 silly fetch manifest esbuild@^0.18.10
62 http fetch GET 200 https://registry.npmjs.org/@babel%2fcore 12ms (cache hit)
63 silly fetch manifest postcss@^8.4.27
64 silly fetch manifest fsevents@~2.3.2
65 http fetch GET 200 https://registry.npmjs.org/csstype 18ms (cache hit)
66 silly fetch manifest loose-envify@^1.1.0
67 http fetch GET 200 https://registry.npmjs.org/react-refresh 25ms (cache hit)
68 silly fetch manifest scheduler@^0.23.2
69 http fetch GET 200 https://registry.npmjs.org/@babel%2fplugin-transform-react-jsx-self 48ms (cache hit)
70 http fetch GET 200 https://registry.npmjs.org/@babel%2fplugin-transform-react-jsx-source 50ms (cache hit)
71 http fetch GET 200 https://registry.npmjs.org/rollup 57ms (cache hit)
72 http fetch GET 200 https://registry.npmjs.org/esbuild 91ms (cache hit)
73 http fetch GET 200 https://registry.npmjs.org/loose-envify 90ms (cache hit)
74 http fetch GET 200 https://registry.npmjs.org/scheduler 66ms (cache hit)
75 http fetch GET 200 https://registry.npmjs.org/fsevents 119ms (cache hit)
76 silly placeDep ROOT @types/prop-types@15.7.13 OK for: @types/react@18.3.7 want: *
77 silly placeDep ROOT csstype@3.1.3 OK for: @types/react@18.3.7 want: ^3.0.2
78 silly placeDep ROOT @babel/core@7.25.2 OK for: @vitejs/plugin-react@3.1.0 want: ^7.20.12
79 silly placeDep ROOT @babel/plugin-transform-react-jsx-self@7.24.7 OK for: @vitejs/plugin-react@3.1.0 want: ^7.18.6
80 silly placeDep ROOT @babel/plugin-transform-react-jsx-source@7.24.7 OK for: @vitejs/plugin-react@3.1.0 want: ^7.19.6
81 silly placeDep ROOT magic-string@0.27.0 OK for: @vitejs/plugin-react@3.1.0 want: ^0.27.0
82 silly placeDep ROOT react-refresh@0.14.2 OK for: @vitejs/plugin-react@3.1.0 want: ^0.14.0
83 silly fetch manifest @ampproject/remapping@^2.2.0
84 silly fetch manifest @babel/code-frame@^7.24.7
85 silly fetch manifest @babel/generator@^7.25.0
86 silly fetch manifest @babel/helper-compilation-targets@^7.25.2
87 silly fetch manifest @babel/helper-module-transforms@^7.25.2
88 silly fetch manifest @babel/helpers@^7.25.0
89 silly fetch manifest @babel/parser@^7.25.0
90 http fetch GET 200 https://registry.npmjs.org/@babel%2fcode-frame 7ms (cache hit)
91 silly fetch manifest @babel/template@^7.25.0
92 http fetch GET 200 https://registry.npmjs.org/@babel%2fgenerator 10ms (cache hit)
93 silly fetch manifest @babel/traverse@^7.25.2
94 http fetch GET 200 https://registry.npmjs.org/@babel%2fhelper-compilation-targets 13ms (cache hit)
95 silly fetch manifest @babel/types@^7.25.2
96 http fetch GET 200 https://registry.npmjs.org/@ampproject%2fremapping 16ms (cache hit)
97 silly fetch manifest convert-source-map@^2.0.0
98 http fetch GET 200 https://registry.npmjs.org/@babel%2fhelpers 16ms (cache hit)
99 silly fetch manifest debug@^4.1.0
100 http fetch GET 200 https://registry.npmjs.org/@babel%2fhelper-module-transforms 18ms (cache hit)
101 silly fetch manifest gensync@^1.0.0-beta.2
102 http fetch GET 200 https://registry.npmjs.org/@babel%2fparser 25ms (cache hit)
103 silly fetch manifest json5@^2.2.3
104 http fetch GET 200 https://registry.npmjs.org/@babel%2ftemplate 25ms (cache hit)
105 silly fetch manifest semver@^6.3.1
106 http fetch GET 200 https://registry.npmjs.org/@babel%2ftraverse 25ms (cache hit)
107 silly fetch manifest @babel/helper-plugin-utils@^7.24.7
108 http fetch GET 200 https://registry.npmjs.org/convert-source-map 24ms (cache hit)
109 http fetch GET 200 https://registry.npmjs.org/@babel%2ftypes 27ms (cache hit)
110 silly fetch manifest @jridgewell/sourcemap-codec@^1.4.13
111 http fetch GET 200 https://registry.npmjs.org/debug 26ms (cache hit)
112 http fetch GET 200 https://registry.npmjs.org/gensync 25ms (cache hit)
113 http fetch GET 200 https://registry.npmjs.org/json5 20ms (cache hit)
114 http fetch GET 200 https://registry.npmjs.org/semver 19ms (cache hit)
115 http fetch GET 200 https://registry.npmjs.org/@babel%2fhelper-plugin-utils 16ms (cache hit)
116 http fetch GET 200 https://registry.npmjs.org/@jridgewell%2fsourcemap-codec 13ms (cache hit)
117 silly fetch manifest @babel/core@^7.0.0
118 silly placeDep ROOT @ampproject/remapping@2.3.0 OK for: @babel/core@7.25.2 want: ^2.2.0
119 silly placeDep ROOT @babel/code-frame@7.24.7 OK for: @babel/core@7.25.2 want: ^7.24.7
120 silly placeDep ROOT @babel/generator@7.25.6 OK for: @babel/core@7.25.2 want: ^7.25.0
121 silly placeDep ROOT @babel/helper-compilation-targets@7.25.2 OK for: @babel/core@7.25.2 want: ^7.25.2
122 silly placeDep ROOT @babel/helper-module-transforms@7.25.2 OK for: @babel/core@7.25.2 want: ^7.25.2
123 silly placeDep ROOT @babel/helpers@7.25.6 OK for: @babel/core@7.25.2 want: ^7.25.0
124 silly placeDep ROOT @babel/parser@7.25.6 OK for: @babel/core@7.25.2 want: ^7.25.0
125 silly placeDep ROOT @babel/template@7.25.0 OK for: @babel/core@7.25.2 want: ^7.25.0
126 silly placeDep ROOT @babel/traverse@7.25.6 OK for: @babel/core@7.25.2 want: ^7.25.2
127 silly placeDep ROOT @babel/types@7.25.6 OK for: @babel/core@7.25.2 want: ^7.25.2
128 silly placeDep ROOT convert-source-map@2.0.0 OK for: @babel/core@7.25.2 want: ^2.0.0
129 silly placeDep ROOT debug@4.3.7 OK for: @babel/core@7.25.2 want: ^4.1.0
130 silly placeDep ROOT gensync@1.0.0-beta.2 OK for: @babel/core@7.25.2 want: ^1.0.0-beta.2
131 silly placeDep ROOT json5@2.2.3 OK for: @babel/core@7.25.2 want: ^2.2.3
132 silly placeDep ROOT semver@6.3.1 OK for: @babel/core@7.25.2 want: ^6.3.1
133 silly fetch manifest @jridgewell/gen-mapping@^0.3.5
134 silly fetch manifest @jridgewell/trace-mapping@^0.3.24
135 silly fetch manifest picocolors@^1.0.0
136 silly fetch manifest @babel/highlight@^7.24.7
137 silly fetch manifest @babel/types@^7.25.6
138 silly fetch manifest @jridgewell/trace-mapping@^0.3.25
139 silly fetch manifest jsesc@^2.5.1
140 http fetch GET 200 https://registry.npmjs.org/@jridgewell%2ftrace-mapping 7ms (cache hit)
141 silly fetch manifest @babel/compat-data@^7.25.2
142 http fetch GET 200 https://registry.npmjs.org/@jridgewell%2fgen-mapping 10ms (cache hit)
143 silly fetch manifest @babel/helper-validator-option@^7.24.8
144 silly fetch manifest browserslist@^4.23.1
145 http fetch GET 200 https://registry.npmjs.org/picocolors 12ms (cache hit)
146 silly fetch manifest lru-cache@^5.1.1
147 http fetch GET 200 https://registry.npmjs.org/@babel%2fhighlight 12ms (cache hit)
148 silly fetch manifest @babel/helper-module-imports@^7.24.7
149 http fetch GET 200 https://registry.npmjs.org/@jridgewell%2ftrace-mapping 15ms (cache hit)
150 silly fetch manifest @babel/helper-simple-access@^7.24.7
151 http fetch GET 200 https://registry.npmjs.org/jsesc 14ms (cache hit)
152 silly fetch manifest @babel/helper-validator-identifier@^7.24.7
153 http fetch GET 200 https://registry.npmjs.org/@babel%2fhelper-validator-option 11ms (cache hit)
154 silly fetch manifest @babel/types@^7.25.0
155 silly fetch manifest debug@^4.3.1
156 silly fetch manifest globals@^11.1.0
157 http fetch GET 200 https://registry.npmjs.org/@babel%2fhelper-module-imports 11ms (cache hit)
158 silly fetch manifest @babel/helper-string-parser@^7.24.8
159 http fetch GET 200 https://registry.npmjs.org/@babel%2fcompat-data 17ms (cache hit)
160 http fetch GET 200 https://registry.npmjs.org/lru-cache 18ms (cache hit)
161 silly fetch manifest to-fast-properties@^2.0.0
162 http fetch GET 200 https://registry.npmjs.org/browserslist 23ms (cache hit)
163 silly fetch manifest ms@^2.1.3
164 http fetch GET 200 https://registry.npmjs.org/@babel%2fhelper-validator-identifier 22ms (cache hit)
165 http fetch GET 200 https://registry.npmjs.org/@babel%2fhelper-simple-access 24ms (cache hit)
166 http fetch GET 200 https://registry.npmjs.org/globals 19ms (cache hit)
167 http fetch GET 200 https://registry.npmjs.org/ms 10ms (cache hit)
168 http fetch GET 200 https://registry.npmjs.org/@babel%2fhelper-string-parser 24ms (cache hit)
169 http fetch GET 200 https://registry.npmjs.org/to-fast-properties 17ms (cache hit)
170 silly placeDep ROOT @jridgewell/gen-mapping@0.3.5 OK for: @ampproject/remapping@2.3.0 want: ^0.3.5
171 silly placeDep ROOT @jridgewell/trace-mapping@0.3.25 OK for: @ampproject/remapping@2.3.0 want: ^0.3.24
172 silly fetch manifest @jridgewell/set-array@^1.2.1
173 silly fetch manifest @jridgewell/sourcemap-codec@^1.4.10
174 silly fetch manifest @jridgewell/resolve-uri@^3.1.0
175 silly fetch manifest @jridgewell/sourcemap-codec@^1.4.14
176 http fetch GET 200 https://registry.npmjs.org/@jridgewell%2fset-array 9ms (cache hit)
177 http fetch GET 200 https://registry.npmjs.org/@jridgewell%2fresolve-uri 9ms (cache hit)
178 silly placeDep ROOT @babel/highlight@7.24.7 OK for: @babel/code-frame@7.24.7 want: ^7.24.7
179 silly placeDep ROOT picocolors@1.1.0 OK for: @babel/code-frame@7.24.7 want: ^1.0.0
180 silly fetch manifest chalk@^2.4.2
181 silly fetch manifest js-tokens@^4.0.0
182 http fetch GET 200 https://registry.npmjs.org/chalk 11ms (cache hit)
183 http fetch GET 200 https://registry.npmjs.org/js-tokens 12ms (cache hit)
184 silly placeDep ROOT jsesc@2.5.2 OK for: @babel/generator@7.25.6 want: ^2.5.1
185 silly placeDep ROOT @babel/compat-data@7.25.4 OK for: @babel/helper-compilation-targets@7.25.2 want: ^7.25.2
186 silly placeDep ROOT @babel/helper-validator-option@7.24.8 OK for: @babel/helper-compilation-targets@7.25.2 want: ^7.24.8
187 silly placeDep ROOT browserslist@4.23.3 OK for: @babel/helper-compilation-targets@7.25.2 want: ^4.23.1
188 silly placeDep ROOT lru-cache@5.1.1 OK for: @babel/helper-compilation-targets@7.25.2 want: ^5.1.1
189 silly fetch manifest caniuse-lite@^1.0.30001646
190 silly fetch manifest electron-to-chromium@^1.5.4
191 silly fetch manifest node-releases@^2.0.18
192 silly fetch manifest update-browserslist-db@^1.1.0
193 silly fetch manifest yallist@^3.0.2
194 http fetch GET 200 https://registry.npmjs.org/caniuse-lite 9ms (cache hit)
195 http fetch GET 200 https://registry.npmjs.org/update-browserslist-db 19ms (cache hit)
196 http fetch GET 200 https://registry.npmjs.org/yallist 18ms (cache hit)
197 http fetch GET 200 https://registry.npmjs.org/electron-to-chromium 26ms (cache hit)
198 http fetch GET 200 https://registry.npmjs.org/node-releases 44ms (cache hit)
199 silly placeDep ROOT @babel/helper-module-imports@7.24.7 OK for: @babel/helper-module-transforms@7.25.2 want: ^7.24.7
200 silly placeDep ROOT @babel/helper-simple-access@7.24.7 OK for: @babel/helper-module-transforms@7.25.2 want: ^7.24.7
201 silly placeDep ROOT @babel/helper-validator-identifier@7.24.7 OK for: @babel/helper-module-transforms@7.25.2 want: ^7.24.7
202 silly placeDep ROOT chalk@2.4.2 OK for: @babel/highlight@7.24.7 want: ^2.4.2
203 silly placeDep ROOT js-tokens@4.0.0 OK for: @babel/highlight@7.24.7 want: ^4.0.0
204 silly fetch manifest ansi-styles@^3.2.1
205 silly fetch manifest supports-color@^5.3.0
206 silly fetch manifest escape-string-regexp@^1.0.5
207 http fetch GET 200 https://registry.npmjs.org/escape-string-regexp 6ms (cache hit)
208 http fetch GET 200 https://registry.npmjs.org/ansi-styles 8ms (cache hit)
209 http fetch GET 200 https://registry.npmjs.org/supports-color 9ms (cache hit)
210 silly placeDep ROOT @babel/helper-plugin-utils@7.24.8 OK for: @babel/plugin-transform-react-jsx-self@7.24.7 want: ^7.24.7
211 silly placeDep ROOT globals@11.12.0 OK for: @babel/traverse@7.25.6 want: ^11.1.0
212 silly placeDep ROOT @babel/helper-string-parser@7.24.8 OK for: @babel/types@7.25.6 want: ^7.24.8
213 silly placeDep ROOT to-fast-properties@2.0.0 OK for: @babel/types@7.25.6 want: ^2.0.0
214 silly placeDep ROOT @jridgewell/set-array@1.2.1 OK for: @jridgewell/gen-mapping@0.3.5 want: ^1.2.1
215 silly placeDep ROOT @jridgewell/sourcemap-codec@1.5.0 OK for: @jridgewell/gen-mapping@0.3.5 want: ^1.4.10
216 silly placeDep ROOT @jridgewell/resolve-uri@3.1.2 OK for: @jridgewell/trace-mapping@0.3.25 want: ^3.1.0
217 silly fetch manifest browserslist@>= 4.21.0
218 silly placeDep ROOT caniuse-lite@1.0.30001662 OK for: browserslist@4.23.3 want: ^1.0.30001646
219 silly placeDep ROOT electron-to-chromium@1.5.25 OK for: browserslist@4.23.3 want: ^1.5.4
220 silly placeDep ROOT node-releases@2.0.18 OK for: browserslist@4.23.3 want: ^2.0.18
221 silly placeDep ROOT update-browserslist-db@1.1.0 OK for: browserslist@4.23.3 want: ^1.1.0
222 silly fetch manifest escalade@^3.1.2
223 http fetch GET 200 https://registry.npmjs.org/escalade 2ms (cache hit)
224 silly placeDep ROOT ansi-styles@3.2.1 OK for: chalk@2.4.2 want: ^3.2.1
225 silly placeDep ROOT escape-string-regexp@1.0.5 OK for: chalk@2.4.2 want: ^1.0.5
226 silly placeDep ROOT supports-color@5.5.0 OK for: chalk@2.4.2 want: ^5.3.0
227 silly fetch manifest color-convert@^1.9.0
228 silly fetch manifest has-flag@^3.0.0
229 http fetch GET 200 https://registry.npmjs.org/color-convert 3ms (cache hit)
230 http fetch GET 200 https://registry.npmjs.org/has-flag 3ms (cache hit)
231 silly placeDep ROOT color-convert@1.9.3 OK for: ansi-styles@3.2.1 want: ^1.9.0
232 silly fetch manifest color-name@1.1.3
233 http fetch GET 200 https://registry.npmjs.org/color-name 1ms (cache hit)
234 silly placeDep ROOT color-name@1.1.3 OK for: color-convert@1.9.3 want: 1.1.3
235 silly placeDep ROOT ms@2.1.3 OK for: debug@4.3.7 want: ^2.1.3
236 silly placeDep ROOT yallist@3.1.1 OK for: lru-cache@5.1.1 want: ^3.0.2
237 silly placeDep ROOT loose-envify@1.4.0 OK for: react@18.3.1 want: ^1.1.0
238 silly placeDep ROOT scheduler@0.23.2 OK for: react-dom@18.3.1 want: ^0.23.2
239 silly placeDep ROOT has-flag@3.0.0 OK for: supports-color@5.5.0 want: ^3.0.0
240 silly placeDep ROOT escalade@3.2.0 OK for: update-browserslist-db@1.1.0 want: ^3.1.2
241 silly placeDep ROOT esbuild@0.18.20 OK for: vite@4.5.5 want: ^0.18.10
242 silly placeDep ROOT fsevents@2.3.3 OK for: vite@4.5.5 want: ~2.3.2
243 silly placeDep ROOT postcss@8.4.47 OK for: vite@4.5.5 want: ^8.4.27
244 silly placeDep ROOT rollup@3.29.4 OK for: vite@4.5.5 want: ^3.27.1
245 silly fetch manifest @esbuild/linux-arm@0.18.20
246 silly fetch manifest @esbuild/linux-x64@0.18.20
247 silly fetch manifest @esbuild/sunos-x64@0.18.20
248 silly fetch manifest @esbuild/win32-x64@0.18.20
249 silly fetch manifest @esbuild/darwin-x64@0.18.20
250 silly fetch manifest @esbuild/linux-ia32@0.18.20
251 silly fetch manifest @esbuild/netbsd-x64@0.18.20
252 http fetch GET 200 https://registry.npmjs.org/@esbuild%2flinux-arm 9ms (cache hit)
253 silly fetch manifest @esbuild/win32-ia32@0.18.20
254 http fetch GET 200 https://registry.npmjs.org/@esbuild%2flinux-x64 10ms (cache hit)
255 silly fetch manifest @esbuild/android-arm@0.18.20
256 http fetch GET 200 https://registry.npmjs.org/@esbuild%2fwin32-x64 12ms (cache hit)
257 silly fetch manifest @esbuild/android-x64@0.18.20
258 http fetch GET 200 https://registry.npmjs.org/@esbuild%2fdarwin-x64 12ms (cache hit)
259 silly fetch manifest @esbuild/freebsd-x64@0.18.20
260 http fetch GET 200 https://registry.npmjs.org/@esbuild%2flinux-ia32 13ms (cache hit)
261 silly fetch manifest @esbuild/linux-arm64@0.18.20
262 http fetch GET 200 https://registry.npmjs.org/@esbuild%2fnetbsd-x64 15ms (cache hit)
263 silly fetch manifest @esbuild/linux-ppc64@0.18.20
264 http fetch GET 200 https://registry.npmjs.org/@esbuild%2fsunos-x64 18ms (cache hit)
265 silly fetch manifest @esbuild/linux-s390x@0.18.20
266 http fetch GET 200 https://registry.npmjs.org/@esbuild%2fwin32-ia32 16ms (cache hit)
267 silly fetch manifest @esbuild/openbsd-x64@0.18.20
268 http fetch GET 200 https://registry.npmjs.org/@esbuild%2ffreebsd-x64 12ms (cache hit)
269 silly fetch manifest @esbuild/win32-arm64@0.18.20
270 http fetch GET 200 https://registry.npmjs.org/@esbuild%2fandroid-arm 17ms (cache hit)
271 silly fetch manifest @esbuild/darwin-arm64@0.18.20
272 http fetch GET 200 https://registry.npmjs.org/@esbuild%2flinux-ppc64 12ms (cache hit)
273 silly fetch manifest @esbuild/android-arm64@0.18.20
274 http fetch GET 200 https://registry.npmjs.org/@esbuild%2fandroid-x64 18ms (cache hit)
275 silly fetch manifest @esbuild/freebsd-arm64@0.18.20
276 http fetch GET 200 https://registry.npmjs.org/@esbuild%2flinux-arm64 18ms (cache hit)
277 silly fetch manifest @esbuild/linux-loong64@0.18.20
278 http fetch GET 200 https://registry.npmjs.org/@esbuild%2flinux-s390x 15ms (cache hit)
279 silly fetch manifest @esbuild/linux-riscv64@0.18.20
280 http fetch GET 200 https://registry.npmjs.org/@esbuild%2fopenbsd-x64 15ms (cache hit)
281 silly fetch manifest @esbuild/linux-mips64el@0.18.20
282 http fetch GET 200 https://registry.npmjs.org/@esbuild%2fdarwin-arm64 14ms (cache hit)
283 silly fetch manifest nanoid@^3.3.7
284 http fetch GET 200 https://registry.npmjs.org/@esbuild%2fwin32-arm64 18ms (cache hit)
285 silly fetch manifest source-map-js@^1.2.1
286 http fetch GET 200 https://registry.npmjs.org/@esbuild%2fandroid-arm64 16ms (cache hit)
287 http fetch GET 200 https://registry.npmjs.org/@esbuild%2ffreebsd-arm64 15ms (cache hit)
288 http fetch GET 200 https://registry.npmjs.org/@esbuild%2flinux-loong64 15ms (cache hit)
289 http fetch GET 200 https://registry.npmjs.org/@esbuild%2flinux-riscv64 16ms (cache hit)
290 http fetch GET 200 https://registry.npmjs.org/@esbuild%2flinux-mips64el 11ms (cache hit)
291 http fetch GET 200 https://registry.npmjs.org/source-map-js 8ms (cache hit)
292 http fetch GET 200 https://registry.npmjs.org/nanoid 11ms (cache hit)
293 silly placeDep ROOT @esbuild/android-arm@0.18.20 OK for: esbuild@0.18.20 want: 0.18.20
294 silly placeDep ROOT @esbuild/android-arm64@0.18.20 OK for: esbuild@0.18.20 want: 0.18.20
295 silly placeDep ROOT @esbuild/android-x64@0.18.20 OK for: esbuild@0.18.20 want: 0.18.20
296 silly placeDep ROOT @esbuild/darwin-arm64@0.18.20 OK for: esbuild@0.18.20 want: 0.18.20
297 silly placeDep ROOT @esbuild/darwin-x64@0.18.20 OK for: esbuild@0.18.20 want: 0.18.20
298 silly placeDep ROOT @esbuild/freebsd-arm64@0.18.20 OK for: esbuild@0.18.20 want: 0.18.20
299 silly placeDep ROOT @esbuild/freebsd-x64@0.18.20 OK for: esbuild@0.18.20 want: 0.18.20
300 silly placeDep ROOT @esbuild/linux-arm@0.18.20 OK for: esbuild@0.18.20 want: 0.18.20
301 silly placeDep ROOT @esbuild/linux-arm64@0.18.20 OK for: esbuild@0.18.20 want: 0.18.20
302 silly placeDep ROOT @esbuild/linux-ia32@0.18.20 OK for: esbuild@0.18.20 want: 0.18.20
303 silly placeDep ROOT @esbuild/linux-loong64@0.18.20 OK for: esbuild@0.18.20 want: 0.18.20
304 silly placeDep ROOT @esbuild/linux-mips64el@0.18.20 OK for: esbuild@0.18.20 want: 0.18.20
305 silly placeDep ROOT @esbuild/linux-ppc64@0.18.20 OK for: esbuild@0.18.20 want: 0.18.20
306 silly placeDep ROOT @esbuild/linux-riscv64@0.18.20 OK for: esbuild@0.18.20 want: 0.18.20
307 silly placeDep ROOT @esbuild/linux-s390x@0.18.20 OK for: esbuild@0.18.20 want: 0.18.20
308 silly placeDep ROOT @esbuild/linux-x64@0.18.20 OK for: esbuild@0.18.20 want: 0.18.20
309 silly placeDep ROOT @esbuild/netbsd-x64@0.18.20 OK for: esbuild@0.18.20 want: 0.18.20
310 silly placeDep ROOT @esbuild/openbsd-x64@0.18.20 OK for: esbuild@0.18.20 want: 0.18.20
311 silly placeDep ROOT @esbuild/sunos-x64@0.18.20 OK for: esbuild@0.18.20 want: 0.18.20
312 silly placeDep ROOT @esbuild/win32-arm64@0.18.20 OK for: esbuild@0.18.20 want: 0.18.20
313 silly placeDep ROOT @esbuild/win32-ia32@0.18.20 OK for: esbuild@0.18.20 want: 0.18.20
314 silly placeDep ROOT @esbuild/win32-x64@0.18.20 OK for: esbuild@0.18.20 want: 0.18.20
315 silly placeDep ROOT nanoid@3.3.7 OK for: postcss@8.4.47 want: ^3.3.7
316 silly placeDep ROOT source-map-js@1.2.1 OK for: postcss@8.4.47 want: ^1.2.1
317 silly reify moves {}
318 silly audit bulk request {
318 silly audit   '@types/react': [ '18.3.7' ],
318 silly audit   '@types/react-dom': [ '18.3.0' ],
318 silly audit   '@vitejs/plugin-react': [ '3.1.0' ],
318 silly audit   vite: [ '4.5.5' ],
318 silly audit   react: [ '18.3.1' ],
318 silly audit   'react-dom': [ '18.3.1' ],
318 silly audit   typescript: [ '4.9.5' ],
318 silly audit   '@types/prop-types': [ '15.7.13' ],
318 silly audit   csstype: [ '3.1.3' ],
318 silly audit   '@babel/core': [ '7.25.2' ],
318 silly audit   '@babel/plugin-transform-react-jsx-self': [ '7.24.7' ],
318 silly audit   '@babel/plugin-transform-react-jsx-source': [ '7.24.7' ],
318 silly audit   'magic-string': [ '0.27.0' ],
318 silly audit   'react-refresh': [ '0.14.2' ],
318 silly audit   '@ampproject/remapping': [ '2.3.0' ],
318 silly audit   '@babel/code-frame': [ '7.24.7' ],
318 silly audit   '@babel/generator': [ '7.25.6' ],
318 silly audit   '@babel/helper-compilation-targets': [ '7.25.2' ],
318 silly audit   '@babel/helper-module-transforms': [ '7.25.2' ],
318 silly audit   '@babel/helpers': [ '7.25.6' ],
318 silly audit   '@babel/parser': [ '7.25.6' ],
318 silly audit   '@babel/template': [ '7.25.0' ],
318 silly audit   '@babel/traverse': [ '7.25.6' ],
318 silly audit   '@babel/types': [ '7.25.6' ],
318 silly audit   'convert-source-map': [ '2.0.0' ],
318 silly audit   debug: [ '4.3.7' ],
318 silly audit   gensync: [ '1.0.0-beta.2' ],
318 silly audit   json5: [ '2.2.3' ],
318 silly audit   semver: [ '6.3.1' ],
318 silly audit   '@jridgewell/gen-mapping': [ '0.3.5' ],
318 silly audit   '@jridgewell/trace-mapping': [ '0.3.25' ],
318 silly audit   '@babel/highlight': [ '7.24.7' ],
318 silly audit   picocolors: [ '1.1.0' ],
318 silly audit   jsesc: [ '2.5.2' ],
318 silly audit   '@babel/compat-data': [ '7.25.4' ],
318 silly audit   '@babel/helper-validator-option': [ '7.24.8' ],
318 silly audit   browserslist: [ '4.23.3' ],
318 silly audit   'lru-cache': [ '5.1.1' ],
318 silly audit   '@babel/helper-module-imports': [ '7.24.7' ],
318 silly audit   '@babel/helper-simple-access': [ '7.24.7' ],
318 silly audit   '@babel/helper-validator-identifier': [ '7.24.7' ],
318 silly audit   chalk: [ '2.4.2' ],
318 silly audit   'js-tokens': [ '4.0.0' ],
318 silly audit   '@babel/helper-plugin-utils': [ '7.24.8' ],
318 silly audit   globals: [ '11.12.0' ],
318 silly audit   '@babel/helper-string-parser': [ '7.24.8' ],
318 silly audit   'to-fast-properties': [ '2.0.0' ],
318 silly audit   '@jridgewell/set-array': [ '1.2.1' ],
318 silly audit   '@jridgewell/sourcemap-codec': [ '1.5.0' ],
318 silly audit   '@jridgewell/resolve-uri': [ '3.1.2' ],
318 silly audit   'caniuse-lite': [ '1.0.30001662' ],
318 silly audit   'electron-to-chromium': [ '1.5.25' ],
318 silly audit   'node-releases': [ '2.0.18' ],
318 silly audit   'update-browserslist-db': [ '1.1.0' ],
318 silly audit   'ansi-styles': [ '3.2.1' ],
318 silly audit   'escape-string-regexp': [ '1.0.5' ],
318 silly audit   'supports-color': [ '5.5.0' ],
318 silly audit   'color-convert': [ '1.9.3' ],
318 silly audit   'color-name': [ '1.1.3' ],
318 silly audit   ms: [ '2.1.3' ],
318 silly audit   yallist: [ '3.1.1' ],
318 silly audit   'loose-envify': [ '1.4.0' ],
318 silly audit   scheduler: [ '0.23.2' ],
318 silly audit   'has-flag': [ '3.0.0' ],
318 silly audit   escalade: [ '3.2.0' ],
318 silly audit   esbuild: [ '0.18.20' ],
318 silly audit   fsevents: [ '2.3.3' ],
318 silly audit   postcss: [ '8.4.47' ],
318 silly audit   rollup: [ '3.29.4' ],
318 silly audit   '@esbuild/android-arm': [ '0.18.20' ],
318 silly audit   '@esbuild/android-arm64': [ '0.18.20' ],
318 silly audit   '@esbuild/android-x64': [ '0.18.20' ],
318 silly audit   '@esbuild/darwin-arm64': [ '0.18.20' ],
318 silly audit   '@esbuild/darwin-x64': [ '0.18.20' ],
318 silly audit   '@esbuild/freebsd-arm64': [ '0.18.20' ],
318 silly audit   '@esbuild/freebsd-x64': [ '0.18.20' ],
318 silly audit   '@esbuild/linux-arm': [ '0.18.20' ],
318 silly audit   '@esbuild/linux-arm64': [ '0.18.20' ],
318 silly audit   '@esbuild/linux-ia32': [ '0.18.20' ],
318 silly audit   '@esbuild/linux-loong64': [ '0.18.20' ],
318 silly audit   '@esbuild/linux-mips64el': [ '0.18.20' ],
318 silly audit   '@esbuild/linux-ppc64': [ '0.18.20' ],
318 silly audit   '@esbuild/linux-riscv64': [ '0.18.20' ],
318 silly audit   '@esbuild/linux-s390x': [ '0.18.20' ],
318 silly audit   '@esbuild/linux-x64': [ '0.18.20' ],
318 silly audit   '@esbuild/netbsd-x64': [ '0.18.20' ],
318 silly audit   '@esbuild/openbsd-x64': [ '0.18.20' ],
318 silly audit   '@esbuild/sunos-x64': [ '0.18.20' ],
318 silly audit   '@esbuild/win32-arm64': [ '0.18.20' ],
318 silly audit   '@esbuild/win32-ia32': [ '0.18.20' ],
318 silly audit   '@esbuild/win32-x64': [ '0.18.20' ],
318 silly audit   nanoid: [ '3.3.7' ],
318 silly audit   'source-map-js': [ '1.2.1' ]
318 silly audit }
319 verbose reify failed optional dependency /Users/aureliastamati/Desktop/game-hub/node_modules/@esbuild/win32-x64
320 silly reify mark deleted [
320 silly reify   '/Users/aureliastamati/Desktop/game-hub/node_modules/@esbuild/win32-x64'
320 silly reify ]
321 verbose reify failed optional dependency /Users/aureliastamati/Desktop/game-hub/node_modules/@esbuild/win32-ia32
322 silly reify mark deleted [
322 silly reify   '/Users/aureliastamati/Desktop/game-hub/node_modules/@esbuild/win32-ia32'
322 silly reify ]
323 verbose reify failed optional dependency /Users/aureliastamati/Desktop/game-hub/node_modules/@esbuild/win32-arm64
324 silly reify mark deleted [
324 silly reify   '/Users/aureliastamati/Desktop/game-hub/node_modules/@esbuild/win32-arm64'
324 silly reify ]
325 verbose reify failed optional dependency /Users/aureliastamati/Desktop/game-hub/node_modules/@esbuild/sunos-x64
326 silly reify mark deleted [
326 silly reify   '/Users/aureliastamati/Desktop/game-hub/node_modules/@esbuild/sunos-x64'
326 silly reify ]
327 verbose reify failed optional dependency /Users/aureliastamati/Desktop/game-hub/node_modules/@esbuild/openbsd-x64
328 silly reify mark deleted [
328 silly reify   '/Users/aureliastamati/Desktop/game-hub/node_modules/@esbuild/openbsd-x64'
328 silly reify ]
329 verbose reify failed optional dependency /Users/aureliastamati/Desktop/game-hub/node_modules/@esbuild/netbsd-x64
330 silly reify mark deleted [
330 silly reify   '/Users/aureliastamati/Desktop/game-hub/node_modules/@esbuild/netbsd-x64'
330 silly reify ]
331 verbose reify failed optional dependency /Users/aureliastamati/Desktop/game-hub/node_modules/@esbuild/linux-x64
332 silly reify mark deleted [
332 silly reify   '/Users/aureliastamati/Desktop/game-hub/node_modules/@esbuild/linux-x64'
332 silly reify ]
333 verbose reify failed optional dependency /Users/aureliastamati/Desktop/game-hub/node_modules/@esbuild/linux-s390x
334 silly reify mark deleted [
334 silly reify   '/Users/aureliastamati/Desktop/game-hub/node_modules/@esbuild/linux-s390x'
334 silly reify ]
335 verbose reify failed optional dependency /Users/aureliastamati/Desktop/game-hub/node_modules/@esbuild/linux-riscv64
336 silly reify mark deleted [
336 silly reify   '/Users/aureliastamati/Desktop/game-hub/node_modules/@esbuild/linux-riscv64'
336 silly reify ]
337 verbose reify failed optional dependency /Users/aureliastamati/Desktop/game-hub/node_modules/@esbuild/linux-ppc64
338 silly reify mark deleted [
338 silly reify   '/Users/aureliastamati/Desktop/game-hub/node_modules/@esbuild/linux-ppc64'
338 silly reify ]
339 verbose reify failed optional dependency /Users/aureliastamati/Desktop/game-hub/node_modules/@esbuild/linux-mips64el
340 silly reify mark deleted [
340 silly reify   '/Users/aureliastamati/Desktop/game-hub/node_modules/@esbuild/linux-mips64el'
340 silly reify ]
341 verbose reify failed optional dependency /Users/aureliastamati/Desktop/game-hub/node_modules/@esbuild/linux-loong64
342 silly reify mark deleted [
342 silly reify   '/Users/aureliastamati/Desktop/game-hub/node_modules/@esbuild/linux-loong64'
342 silly reify ]
343 verbose reify failed optional dependency /Users/aureliastamati/Desktop/game-hub/node_modules/@esbuild/linux-ia32
344 silly reify mark deleted [
344 silly reify   '/Users/aureliastamati/Desktop/game-hub/node_modules/@esbuild/linux-ia32'
344 silly reify ]
345 verbose reify failed optional dependency /Users/aureliastamati/Desktop/game-hub/node_modules/@esbuild/linux-arm64
346 silly reify mark deleted [
346 silly reify   '/Users/aureliastamati/Desktop/game-hub/node_modules/@esbuild/linux-arm64'
346 silly reify ]
347 verbose reify failed optional dependency /Users/aureliastamati/Desktop/game-hub/node_modules/@esbuild/linux-arm
348 silly reify mark deleted [
348 silly reify   '/Users/aureliastamati/Desktop/game-hub/node_modules/@esbuild/linux-arm'
348 silly reify ]
349 verbose reify failed optional dependency /Users/aureliastamati/Desktop/game-hub/node_modules/@esbuild/freebsd-x64
350 silly reify mark deleted [
350 silly reify   '/Users/aureliastamati/Desktop/game-hub/node_modules/@esbuild/freebsd-x64'
350 silly reify ]
351 verbose reify failed optional dependency /Users/aureliastamati/Desktop/game-hub/node_modules/@esbuild/freebsd-arm64
352 silly reify mark deleted [
352 silly reify   '/Users/aureliastamati/Desktop/game-hub/node_modules/@esbuild/freebsd-arm64'
352 silly reify ]
353 verbose reify failed optional dependency /Users/aureliastamati/Desktop/game-hub/node_modules/@esbuild/darwin-x64
354 silly reify mark deleted [
354 silly reify   '/Users/aureliastamati/Desktop/game-hub/node_modules/@esbuild/darwin-x64'
354 silly reify ]
355 verbose reify failed optional dependency /Users/aureliastamati/Desktop/game-hub/node_modules/@esbuild/android-x64
356 silly reify mark deleted [
356 silly reify   '/Users/aureliastamati/Desktop/game-hub/node_modules/@esbuild/android-x64'
356 silly reify ]
357 verbose reify failed optional dependency /Users/aureliastamati/Desktop/game-hub/node_modules/@esbuild/android-arm64
358 silly reify mark deleted [
358 silly reify   '/Users/aureliastamati/Desktop/game-hub/node_modules/@esbuild/android-arm64'
358 silly reify ]
359 verbose reify failed optional dependency /Users/aureliastamati/Desktop/game-hub/node_modules/@esbuild/android-arm
360 silly reify mark deleted [
360 silly reify   '/Users/aureliastamati/Desktop/game-hub/node_modules/@esbuild/android-arm'
360 silly reify ]
361 http fetch POST 200 https://registry.npmjs.org/-/npm/v1/security/advisories/bulk 672ms
362 silly audit report {}
363 info run fsevents@2.3.3 install node_modules/fsevents node-gyp rebuild
364 info run fsevents@2.3.3 install { code: 1, signal: null }
365 verbose reify failed optional dependency /Users/aureliastamati/Desktop/game-hub/node_modules/fsevents
366 silly reify mark deleted [ '/Users/aureliastamati/Desktop/game-hub/node_modules/fsevents' ]
367 info run esbuild@0.18.20 postinstall node_modules/esbuild node install.js
368 info run esbuild@0.18.20 postinstall { code: 0, signal: null }
369 silly ADD node_modules/source-map-js
370 silly ADD node_modules/nanoid
371 silly ADD
372 silly ADD
373 silly ADD
374 silly ADD
375 silly ADD
376 silly ADD
377 silly ADD
378 silly ADD
379 silly ADD
380 silly ADD
381 silly ADD
382 silly ADD
383 silly ADD
384 silly ADD
385 silly ADD
386 silly ADD
387 silly ADD
388 silly ADD
389 silly ADD node_modules/@esbuild/darwin-arm64
390 silly ADD
391 silly ADD
392 silly ADD
393 silly ADD node_modules/rollup
394 silly ADD node_modules/postcss
395 silly ADD
396 silly ADD node_modules/esbuild
397 silly ADD node_modules/escalade
398 silly ADD node_modules/has-flag
399 silly ADD node_modules/scheduler
400 silly ADD node_modules/loose-envify
401 silly ADD node_modules/yallist
402 silly ADD node_modules/ms
403 silly ADD node_modules/color-name
404 silly ADD node_modules/color-convert
405 silly ADD node_modules/supports-color
406 silly ADD node_modules/escape-string-regexp
407 silly ADD node_modules/ansi-styles
408 silly ADD node_modules/update-browserslist-db
409 silly ADD node_modules/node-releases
410 silly ADD node_modules/electron-to-chromium
411 silly ADD node_modules/caniuse-lite
412 silly ADD node_modules/@jridgewell/resolve-uri
413 silly ADD node_modules/@jridgewell/sourcemap-codec
414 silly ADD node_modules/@jridgewell/set-array
415 silly ADD node_modules/to-fast-properties
416 silly ADD node_modules/@babel/helper-string-parser
417 silly ADD node_modules/globals
418 silly ADD node_modules/@babel/helper-plugin-utils
419 silly ADD node_modules/js-tokens
420 silly ADD node_modules/chalk
421 silly ADD node_modules/@babel/helper-validator-identifier
422 silly ADD node_modules/@babel/helper-simple-access
423 silly ADD node_modules/@babel/helper-module-imports
424 silly ADD node_modules/lru-cache
425 silly ADD node_modules/browserslist
426 silly ADD node_modules/@babel/helper-validator-option
427 silly ADD node_modules/@babel/compat-data
428 silly ADD node_modules/jsesc
429 silly ADD node_modules/picocolors
430 silly ADD node_modules/@babel/highlight
431 silly ADD node_modules/@jridgewell/trace-mapping
432 silly ADD node_modules/@jridgewell/gen-mapping
433 silly ADD node_modules/semver
434 silly ADD node_modules/json5
435 silly ADD node_modules/gensync
436 silly ADD node_modules/debug
437 silly ADD node_modules/convert-source-map
438 silly ADD node_modules/@babel/types
439 silly ADD node_modules/@babel/traverse
440 silly ADD node_modules/@babel/template
441 silly ADD node_modules/@babel/parser
442 silly ADD node_modules/@babel/helpers
443 silly ADD node_modules/@babel/helper-module-transforms
444 silly ADD node_modules/@babel/helper-compilation-targets
445 silly ADD node_modules/@babel/generator
446 silly ADD node_modules/@babel/code-frame
447 silly ADD node_modules/@ampproject/remapping
448 silly ADD node_modules/react-refresh
449 silly ADD node_modules/magic-string
450 silly ADD node_modules/@babel/plugin-transform-react-jsx-source
451 silly ADD node_modules/@babel/plugin-transform-react-jsx-self
452 silly ADD node_modules/@babel/core
453 silly ADD node_modules/csstype
454 silly ADD node_modules/@types/prop-types
455 silly ADD node_modules/typescript
456 silly ADD node_modules/react-dom
457 silly ADD node_modules/react
458 silly ADD node_modules/vite
459 silly ADD node_modules/@vitejs/plugin-react
460 silly ADD node_modules/@types/react-dom
461 silly ADD node_modules/@types/react
462 verbose exit 0
463 info ok
