0 verbose cli /usr/local/bin/node /usr/local/bin/npm
1 info using npm@10.7.0
2 info using node@v20.14.0
3 silly config:load:file:/usr/local/lib/node_modules/npm/npmrc
4 silly config:load:file:/Users/aureliastamati/Desktop/game-hub/.npmrc
5 silly config:load:file:/Users/aureliastamati/.npmrc
6 silly config:load:file:/usr/local/etc/npmrc
7 verbose title npm i
8 verbose argv "i"
9 verbose logfile logs-max:10 dir:/Users/aureliastamati/.npm/_logs/2024-09-19T11_48_16_917Z-
10 verbose logfile /Users/aureliastamati/.npm/_logs/2024-09-19T11_48_16_917Z-debug-0.log
11 silly logfile done cleaning log files
12 silly idealTree buildDeps
13 silly fetch manifest react@^18.2.0
14 http fetch GET 200 https://registry.npmjs.org/react 180ms (cache revalidated)
15 silly fetch manifest react-dom@^18.2.0
16 http fetch GET 200 https://registry.npmjs.org/react-dom 70ms (cache revalidated)
17 silly fetch manifest @types/react@^18.0.27
18 http fetch GET 200 https://registry.npmjs.org/@types%2freact 148ms (cache revalidated)
19 silly fetch manifest @types/react-dom@^18.0.10
20 http fetch GET 200 https://registry.npmjs.org/@types%2freact-dom 52ms (cache revalidated)
21 silly fetch manifest @vitejs/plugin-react@^3.1.0
22 http fetch GET 200 https://registry.npmjs.org/@vitejs%2fplugin-react 108ms (cache revalidated)
23 silly fetch manifest vite@^4.1.0
24 http fetch GET 200 https://registry.npmjs.org/vite 106ms (cache revalidated)
25 silly fetch manifest @types/node@>= 14
26 http fetch GET 200 https://registry.npmjs.org/@types%2fnode 152ms (cache revalidated)
27 silly fetch manifest less@*
28 http fetch GET 200 https://registry.npmjs.org/less 48ms (cache revalidated)
29 silly fetch manifest lightningcss@^1.21.0
30 http fetch GET 200 https://registry.npmjs.org/lightningcss 38ms (cache revalidated)
31 silly fetch manifest sass@*
32 http fetch GET 200 https://registry.npmjs.org/sass 43ms (cache revalidated)
33 silly fetch manifest stylus@*
34 http fetch GET 200 https://registry.npmjs.org/stylus 49ms (cache revalidated)
35 silly fetch manifest sugarss@*
36 http fetch GET 200 https://registry.npmjs.org/sugarss 42ms (cache revalidated)
37 silly fetch manifest postcss@^8.3.3
38 http fetch GET 200 https://registry.npmjs.org/postcss 39ms (cache revalidated)
39 silly fetch manifest terser@^5.4.0
40 http fetch GET 200 https://registry.npmjs.org/terser 41ms (cache revalidated)
41 silly fetch manifest typescript@^4.9.3
42 http fetch GET 200 https://registry.npmjs.org/typescript 71ms (cache revalidated)
43 silly placeDep ROOT @types/react@18.3.7 OK for: game-hub@0.0.0 want: ^18.0.27
44 silly placeDep ROOT @types/react-dom@18.3.0 OK for: game-hub@0.0.0 want: ^18.0.10
45 silly placeDep ROOT @vitejs/plugin-react@3.1.0 OK for: game-hub@0.0.0 want: ^3.1.0
46 silly placeDep ROOT vite@4.5.5 OK for: @vitejs/plugin-react@3.1.0 want: ^4.1.0-beta.0
47 silly placeDep ROOT react@18.3.1 OK for: game-hub@0.0.0 want: ^18.2.0
48 silly placeDep ROOT react-dom@18.3.1 OK for: game-hub@0.0.0 want: ^18.2.0
49 silly placeDep ROOT typescript@4.9.5 OK for: game-hub@0.0.0 want: ^4.9.3
50 silly fetch manifest csstype@^3.0.2
51 silly fetch manifest @types/prop-types@*
52 silly fetch manifest @babel/core@^7.20.12
53 silly fetch manifest magic-string@^0.27.0
54 silly fetch manifest react-refresh@^0.14.0
55 silly fetch manifest @babel/plugin-transform-react-jsx-self@^7.18.6
56 silly fetch manifest @babel/plugin-transform-react-jsx-source@^7.19.6
57 http fetch GET 200 https://registry.npmjs.org/@babel%2fcore 55ms (cache revalidated)
58 silly fetch manifest rollup@^3.27.1
59 http fetch GET 200 https://registry.npmjs.org/@babel%2fplugin-transform-react-jsx-source 101ms (cache revalidated)
60 silly fetch manifest esbuild@^0.18.10
61 http fetch GET 200 https://registry.npmjs.org/@types%2fprop-types 107ms (cache revalidated)
62 silly fetch manifest postcss@^8.4.27
63 silly fetch manifest fsevents@~2.3.2
64 http fetch GET 200 https://registry.npmjs.org/magic-string 108ms (cache revalidated)
65 silly fetch manifest loose-envify@^1.1.0
66 http fetch GET 200 https://registry.npmjs.org/@babel%2fplugin-transform-react-jsx-self 123ms (cache revalidated)
67 silly fetch manifest scheduler@^0.23.2
68 http fetch GET 200 https://registry.npmjs.org/csstype 140ms (cache revalidated)
69 http fetch GET 200 https://registry.npmjs.org/fsevents 37ms (cache revalidated)
70 http fetch GET 200 https://registry.npmjs.org/esbuild 45ms (cache revalidated)
71 http fetch GET 200 https://registry.npmjs.org/react-refresh 162ms (cache revalidated)
72 http fetch GET 200 https://registry.npmjs.org/loose-envify 76ms (cache revalidated)
73 http fetch GET 200 https://registry.npmjs.org/rollup 136ms (cache revalidated)
74 http fetch GET 200 https://registry.npmjs.org/scheduler 120ms (cache revalidated)
75 silly placeDep ROOT @types/prop-types@15.7.13 OK for: @types/react@18.3.7 want: *
76 silly placeDep ROOT csstype@3.1.3 OK for: @types/react@18.3.7 want: ^3.0.2
77 silly placeDep ROOT @babel/core@7.25.2 OK for: @vitejs/plugin-react@3.1.0 want: ^7.20.12
78 silly placeDep ROOT @babel/plugin-transform-react-jsx-self@7.24.7 OK for: @vitejs/plugin-react@3.1.0 want: ^7.18.6
79 silly placeDep ROOT @babel/plugin-transform-react-jsx-source@7.24.7 OK for: @vitejs/plugin-react@3.1.0 want: ^7.19.6
80 silly placeDep ROOT magic-string@0.27.0 OK for: @vitejs/plugin-react@3.1.0 want: ^0.27.0
81 silly placeDep ROOT react-refresh@0.14.2 OK for: @vitejs/plugin-react@3.1.0 want: ^0.14.0
82 silly fetch manifest @ampproject/remapping@^2.2.0
83 silly fetch manifest @babel/code-frame@^7.24.7
84 silly fetch manifest @babel/generator@^7.25.0
85 silly fetch manifest @babel/helper-compilation-targets@^7.25.2
86 silly fetch manifest @babel/helper-module-transforms@^7.25.2
87 silly fetch manifest @babel/helpers@^7.25.0
88 silly fetch manifest @babel/parser@^7.25.0
89 http fetch GET 200 https://registry.npmjs.org/@babel%2fcode-frame 50ms (cache revalidated)
90 silly fetch manifest @babel/template@^7.25.0
91 http fetch GET 200 https://registry.npmjs.org/@babel%2fgenerator 52ms (cache revalidated)
92 silly fetch manifest @babel/traverse@^7.25.2
93 http fetch GET 200 https://registry.npmjs.org/@babel%2fhelper-compilation-targets 57ms (cache revalidated)
94 silly fetch manifest @babel/types@^7.25.2
95 http fetch GET 200 https://registry.npmjs.org/@babel%2fhelper-module-transforms 58ms (cache revalidated)
96 silly fetch manifest convert-source-map@^2.0.0
97 http fetch GET 200 https://registry.npmjs.org/@ampproject%2fremapping 67ms (cache revalidated)
98 silly fetch manifest debug@^4.1.0
99 http fetch GET 200 https://registry.npmjs.org/@babel%2fparser 67ms (cache revalidated)
100 silly fetch manifest gensync@^1.0.0-beta.2
101 http fetch GET 200 https://registry.npmjs.org/@babel%2fhelpers 72ms (cache revalidated)
102 silly fetch manifest json5@^2.2.3
103 http fetch GET 200 https://registry.npmjs.org/@babel%2ftemplate 48ms (cache revalidated)
104 silly fetch manifest semver@^6.3.1
105 http fetch GET 200 https://registry.npmjs.org/@babel%2ftraverse 49ms (cache revalidated)
106 silly fetch manifest @babel/helper-plugin-utils@^7.24.7
107 http fetch GET 200 https://registry.npmjs.org/convert-source-map 48ms (cache revalidated)
108 http fetch GET 200 https://registry.npmjs.org/@babel%2ftypes 56ms (cache revalidated)
109 silly fetch manifest @jridgewell/sourcemap-codec@^1.4.13
110 http fetch GET 200 https://registry.npmjs.org/gensync 45ms (cache revalidated)
111 http fetch GET 200 https://registry.npmjs.org/debug 51ms (cache revalidated)
112 http fetch GET 200 https://registry.npmjs.org/json5 47ms (cache revalidated)
113 http fetch GET 200 https://registry.npmjs.org/semver 30ms (cache revalidated)
114 http fetch GET 200 https://registry.npmjs.org/@babel%2fhelper-plugin-utils 45ms (cache revalidated)
115 http fetch GET 200 https://registry.npmjs.org/@jridgewell%2fsourcemap-codec 77ms (cache revalidated)
116 silly fetch manifest @babel/core@^7.0.0
117 silly placeDep ROOT @ampproject/remapping@2.3.0 OK for: @babel/core@7.25.2 want: ^2.2.0
118 silly placeDep ROOT @babel/code-frame@7.24.7 OK for: @babel/core@7.25.2 want: ^7.24.7
119 silly placeDep ROOT @babel/generator@7.25.6 OK for: @babel/core@7.25.2 want: ^7.25.0
120 silly placeDep ROOT @babel/helper-compilation-targets@7.25.2 OK for: @babel/core@7.25.2 want: ^7.25.2
121 silly placeDep ROOT @babel/helper-module-transforms@7.25.2 OK for: @babel/core@7.25.2 want: ^7.25.2
122 silly placeDep ROOT @babel/helpers@7.25.6 OK for: @babel/core@7.25.2 want: ^7.25.0
123 silly placeDep ROOT @babel/parser@7.25.6 OK for: @babel/core@7.25.2 want: ^7.25.0
124 silly placeDep ROOT @babel/template@7.25.0 OK for: @babel/core@7.25.2 want: ^7.25.0
125 silly placeDep ROOT @babel/traverse@7.25.6 OK for: @babel/core@7.25.2 want: ^7.25.2
126 silly placeDep ROOT @babel/types@7.25.6 OK for: @babel/core@7.25.2 want: ^7.25.2
127 silly placeDep ROOT convert-source-map@2.0.0 OK for: @babel/core@7.25.2 want: ^2.0.0
128 silly placeDep ROOT debug@4.3.7 OK for: @babel/core@7.25.2 want: ^4.1.0
129 silly placeDep ROOT gensync@1.0.0-beta.2 OK for: @babel/core@7.25.2 want: ^1.0.0-beta.2
130 silly placeDep ROOT json5@2.2.3 OK for: @babel/core@7.25.2 want: ^2.2.3
131 silly placeDep ROOT semver@6.3.1 OK for: @babel/core@7.25.2 want: ^6.3.1
132 silly fetch manifest @jridgewell/gen-mapping@^0.3.5
133 silly fetch manifest @jridgewell/trace-mapping@^0.3.24
134 silly fetch manifest picocolors@^1.0.0
135 silly fetch manifest @babel/highlight@^7.24.7
136 silly fetch manifest @babel/types@^7.25.6
137 silly fetch manifest @jridgewell/trace-mapping@^0.3.25
138 silly fetch manifest jsesc@^2.5.1
139 http fetch GET 200 https://registry.npmjs.org/picocolors 41ms (cache revalidated)
140 silly fetch manifest @babel/compat-data@^7.25.2
141 http fetch GET 200 https://registry.npmjs.org/jsesc 43ms (cache revalidated)
142 silly fetch manifest @babel/helper-validator-option@^7.24.8
143 http fetch GET 200 https://registry.npmjs.org/@jridgewell%2fgen-mapping 62ms (cache revalidated)
144 silly fetch manifest browserslist@^4.23.1
145 silly fetch manifest lru-cache@^5.1.1
146 http fetch GET 200 https://registry.npmjs.org/@jridgewell%2ftrace-mapping 71ms (cache revalidated)
147 silly fetch manifest @babel/helper-module-imports@^7.24.7
148 http fetch GET 200 https://registry.npmjs.org/@babel%2fhighlight 73ms (cache revalidated)
149 silly fetch manifest @babel/helper-simple-access@^7.24.7
150 http fetch GET 200 https://registry.npmjs.org/@babel%2fhelper-validator-option 47ms (cache revalidated)
151 silly fetch manifest @babel/helper-validator-identifier@^7.24.7
152 http fetch GET 200 https://registry.npmjs.org/@babel%2fcompat-data 53ms (cache revalidated)
153 silly fetch manifest @babel/types@^7.25.0
154 silly fetch manifest debug@^4.3.1
155 silly fetch manifest globals@^11.1.0
156 http fetch GET 200 https://registry.npmjs.org/lru-cache 44ms (cache revalidated)
157 silly fetch manifest @babel/helper-string-parser@^7.24.8
158 http fetch GET 200 https://registry.npmjs.org/browserslist 52ms (cache revalidated)
159 http fetch GET 200 https://registry.npmjs.org/@babel%2fhelper-module-imports 48ms (cache revalidated)
160 silly fetch manifest to-fast-properties@^2.0.0
161 http fetch GET 200 https://registry.npmjs.org/@babel%2fhelper-simple-access 48ms (cache revalidated)
162 silly fetch manifest ms@^2.1.3
163 http fetch GET 200 https://registry.npmjs.org/globals 46ms (cache revalidated)
164 http fetch GET 200 https://registry.npmjs.org/@babel%2fhelper-validator-identifier 56ms (cache revalidated)
165 http fetch GET 200 https://registry.npmjs.org/ms 49ms (cache revalidated)
166 http fetch GET 200 https://registry.npmjs.org/to-fast-properties 55ms (cache revalidated)
167 http fetch GET 200 https://registry.npmjs.org/@babel%2fhelper-string-parser 63ms (cache revalidated)
168 http fetch GET 200 https://registry.npmjs.org/@jridgewell%2ftrace-mapping 274ms (cache revalidated)
169 silly placeDep ROOT @jridgewell/gen-mapping@0.3.5 OK for: @ampproject/remapping@2.3.0 want: ^0.3.5
170 silly placeDep ROOT @jridgewell/trace-mapping@0.3.25 OK for: @ampproject/remapping@2.3.0 want: ^0.3.24
171 silly fetch manifest @jridgewell/set-array@^1.2.1
172 silly fetch manifest @jridgewell/sourcemap-codec@^1.4.10
173 silly fetch manifest @jridgewell/resolve-uri@^3.1.0
174 silly fetch manifest @jridgewell/sourcemap-codec@^1.4.14
175 http fetch GET 200 https://registry.npmjs.org/@jridgewell%2fset-array 62ms (cache revalidated)
176 http fetch GET 200 https://registry.npmjs.org/@jridgewell%2fresolve-uri 93ms (cache revalidated)
177 silly placeDep ROOT @babel/highlight@7.24.7 OK for: @babel/code-frame@7.24.7 want: ^7.24.7
178 silly placeDep ROOT picocolors@1.1.0 OK for: @babel/code-frame@7.24.7 want: ^1.0.0
179 silly fetch manifest chalk@^2.4.2
180 silly fetch manifest js-tokens@^4.0.0
181 http fetch GET 200 https://registry.npmjs.org/js-tokens 35ms (cache revalidated)
182 http fetch GET 200 https://registry.npmjs.org/chalk 40ms (cache revalidated)
183 silly placeDep ROOT jsesc@2.5.2 OK for: @babel/generator@7.25.6 want: ^2.5.1
184 silly placeDep ROOT @babel/compat-data@7.25.4 OK for: @babel/helper-compilation-targets@7.25.2 want: ^7.25.2
185 silly placeDep ROOT @babel/helper-validator-option@7.24.8 OK for: @babel/helper-compilation-targets@7.25.2 want: ^7.24.8
186 silly placeDep ROOT browserslist@4.23.3 OK for: @babel/helper-compilation-targets@7.25.2 want: ^4.23.1
187 silly placeDep ROOT lru-cache@5.1.1 OK for: @babel/helper-compilation-targets@7.25.2 want: ^5.1.1
188 silly fetch manifest caniuse-lite@^1.0.30001646
189 silly fetch manifest electron-to-chromium@^1.5.4
190 silly fetch manifest node-releases@^2.0.18
191 silly fetch manifest update-browserslist-db@^1.1.0
192 silly fetch manifest yallist@^3.0.2
193 http fetch GET 200 https://registry.npmjs.org/caniuse-lite 45ms (cache revalidated)
194 http fetch GET 200 https://registry.npmjs.org/node-releases 54ms (cache revalidated)
195 http fetch GET 200 https://registry.npmjs.org/update-browserslist-db 58ms (cache revalidated)
196 http fetch GET 200 https://registry.npmjs.org/yallist 58ms (cache revalidated)
197 http fetch GET 200 https://registry.npmjs.org/electron-to-chromium 88ms (cache revalidated)
198 silly placeDep ROOT @babel/helper-module-imports@7.24.7 OK for: @babel/helper-module-transforms@7.25.2 want: ^7.24.7
199 silly placeDep ROOT @babel/helper-simple-access@7.24.7 OK for: @babel/helper-module-transforms@7.25.2 want: ^7.24.7
200 silly placeDep ROOT @babel/helper-validator-identifier@7.24.7 OK for: @babel/helper-module-transforms@7.25.2 want: ^7.24.7
201 silly placeDep ROOT chalk@2.4.2 OK for: @babel/highlight@7.24.7 want: ^2.4.2
202 silly placeDep ROOT js-tokens@4.0.0 OK for: @babel/highlight@7.24.7 want: ^4.0.0
203 silly fetch manifest ansi-styles@^3.2.1
204 silly fetch manifest supports-color@^5.3.0
205 silly fetch manifest escape-string-regexp@^1.0.5
206 http fetch GET 200 https://registry.npmjs.org/escape-string-regexp 36ms (cache revalidated)
207 http fetch GET 200 https://registry.npmjs.org/ansi-styles 37ms (cache revalidated)
208 http fetch GET 200 https://registry.npmjs.org/supports-color 43ms (cache revalidated)
209 silly placeDep ROOT @babel/helper-plugin-utils@7.24.8 OK for: @babel/plugin-transform-react-jsx-self@7.24.7 want: ^7.24.7
210 silly placeDep ROOT globals@11.12.0 OK for: @babel/traverse@7.25.6 want: ^11.1.0
211 silly placeDep ROOT @babel/helper-string-parser@7.24.8 OK for: @babel/types@7.25.6 want: ^7.24.8
212 silly placeDep ROOT to-fast-properties@2.0.0 OK for: @babel/types@7.25.6 want: ^2.0.0
213 silly placeDep ROOT @jridgewell/set-array@1.2.1 OK for: @jridgewell/gen-mapping@0.3.5 want: ^1.2.1
214 silly placeDep ROOT @jridgewell/sourcemap-codec@1.5.0 OK for: @jridgewell/gen-mapping@0.3.5 want: ^1.4.10
215 silly placeDep ROOT @jridgewell/resolve-uri@3.1.2 OK for: @jridgewell/trace-mapping@0.3.25 want: ^3.1.0
216 silly fetch manifest browserslist@>= 4.21.0
217 silly placeDep ROOT caniuse-lite@1.0.30001662 OK for: browserslist@4.23.3 want: ^1.0.30001646
218 silly placeDep ROOT electron-to-chromium@1.5.25 OK for: browserslist@4.23.3 want: ^1.5.4
219 silly placeDep ROOT node-releases@2.0.18 OK for: browserslist@4.23.3 want: ^2.0.18
220 silly placeDep ROOT update-browserslist-db@1.1.0 OK for: browserslist@4.23.3 want: ^1.1.0
221 silly fetch manifest escalade@^3.1.2
222 http fetch GET 200 https://registry.npmjs.org/escalade 32ms (cache revalidated)
223 silly placeDep ROOT ansi-styles@3.2.1 OK for: chalk@2.4.2 want: ^3.2.1
224 silly placeDep ROOT escape-string-regexp@1.0.5 OK for: chalk@2.4.2 want: ^1.0.5
225 silly placeDep ROOT supports-color@5.5.0 OK for: chalk@2.4.2 want: ^5.3.0
226 silly fetch manifest color-convert@^1.9.0
227 silly fetch manifest has-flag@^3.0.0
228 http fetch GET 200 https://registry.npmjs.org/color-convert 38ms (cache revalidated)
229 http fetch GET 200 https://registry.npmjs.org/has-flag 39ms (cache revalidated)
230 silly placeDep ROOT color-convert@1.9.3 OK for: ansi-styles@3.2.1 want: ^1.9.0
231 silly fetch manifest color-name@1.1.3
232 http fetch GET 200 https://registry.npmjs.org/color-name 33ms (cache revalidated)
233 silly placeDep ROOT color-name@1.1.3 OK for: color-convert@1.9.3 want: 1.1.3
234 silly placeDep ROOT ms@2.1.3 OK for: debug@4.3.7 want: ^2.1.3
235 silly placeDep ROOT yallist@3.1.1 OK for: lru-cache@5.1.1 want: ^3.0.2
236 silly placeDep ROOT loose-envify@1.4.0 OK for: react@18.3.1 want: ^1.1.0
237 silly placeDep ROOT scheduler@0.23.2 OK for: react-dom@18.3.1 want: ^0.23.2
238 silly placeDep ROOT has-flag@3.0.0 OK for: supports-color@5.5.0 want: ^3.0.0
239 silly placeDep ROOT escalade@3.2.0 OK for: update-browserslist-db@1.1.0 want: ^3.1.2
240 silly placeDep ROOT esbuild@0.18.20 OK for: vite@4.5.5 want: ^0.18.10
241 silly placeDep ROOT fsevents@2.3.3 OK for: vite@4.5.5 want: ~2.3.2
242 silly placeDep ROOT postcss@8.4.47 OK for: vite@4.5.5 want: ^8.4.27
243 silly placeDep ROOT rollup@3.29.4 OK for: vite@4.5.5 want: ^3.27.1
244 silly fetch manifest @esbuild/linux-arm@0.18.20
245 silly fetch manifest @esbuild/linux-x64@0.18.20
246 silly fetch manifest @esbuild/sunos-x64@0.18.20
247 silly fetch manifest @esbuild/win32-x64@0.18.20
248 silly fetch manifest @esbuild/darwin-x64@0.18.20
249 silly fetch manifest @esbuild/linux-ia32@0.18.20
250 silly fetch manifest @esbuild/netbsd-x64@0.18.20
251 http fetch GET 200 https://registry.npmjs.org/@esbuild%2flinux-arm 57ms (cache revalidated)
252 silly fetch manifest @esbuild/win32-ia32@0.18.20
253 http fetch GET 200 https://registry.npmjs.org/@esbuild%2fnetbsd-x64 55ms (cache revalidated)
254 silly fetch manifest @esbuild/android-arm@0.18.20
255 http fetch GET 200 https://registry.npmjs.org/@esbuild%2fsunos-x64 61ms (cache revalidated)
256 silly fetch manifest @esbuild/android-x64@0.18.20
257 http fetch GET 200 https://registry.npmjs.org/@esbuild%2fdarwin-x64 64ms (cache revalidated)
258 silly fetch manifest @esbuild/freebsd-x64@0.18.20
259 http fetch GET 200 https://registry.npmjs.org/@esbuild%2flinux-x64 70ms (cache revalidated)
260 silly fetch manifest @esbuild/linux-arm64@0.18.20
261 http fetch GET 200 https://registry.npmjs.org/@esbuild%2fwin32-x64 73ms (cache revalidated)
262 silly fetch manifest @esbuild/linux-ppc64@0.18.20
263 http fetch GET 200 https://registry.npmjs.org/@esbuild%2fandroid-arm 51ms (cache revalidated)
264 silly fetch manifest @esbuild/linux-s390x@0.18.20
265 http fetch GET 200 https://registry.npmjs.org/@esbuild%2fandroid-x64 54ms (cache revalidated)
266 silly fetch manifest @esbuild/openbsd-x64@0.18.20
267 http fetch GET 200 https://registry.npmjs.org/@esbuild%2fwin32-ia32 64ms (cache revalidated)
268 silly fetch manifest @esbuild/win32-arm64@0.18.20
269 http fetch GET 200 https://registry.npmjs.org/@esbuild%2flinux-arm64 53ms (cache revalidated)
270 silly fetch manifest @esbuild/darwin-arm64@0.18.20
271 http fetch GET 200 https://registry.npmjs.org/@esbuild%2ffreebsd-x64 64ms (cache revalidated)
272 silly fetch manifest @esbuild/android-arm64@0.18.20
273 http fetch GET 200 https://registry.npmjs.org/@esbuild%2flinux-ppc64 69ms (cache revalidated)
274 silly fetch manifest @esbuild/freebsd-arm64@0.18.20
275 http fetch GET 200 https://registry.npmjs.org/@esbuild%2flinux-ia32 145ms (cache revalidated)
276 silly fetch manifest @esbuild/linux-loong64@0.18.20
277 http fetch GET 200 https://registry.npmjs.org/@esbuild%2flinux-s390x 47ms (cache revalidated)
278 silly fetch manifest @esbuild/linux-riscv64@0.18.20
279 http fetch GET 200 https://registry.npmjs.org/@esbuild%2fopenbsd-x64 54ms (cache revalidated)
280 silly fetch manifest @esbuild/linux-mips64el@0.18.20
281 http fetch GET 200 https://registry.npmjs.org/@esbuild%2fwin32-arm64 55ms (cache revalidated)
282 silly fetch manifest nanoid@^3.3.7
283 http fetch GET 200 https://registry.npmjs.org/@esbuild%2fdarwin-arm64 53ms (cache revalidated)
284 silly fetch manifest source-map-js@^1.2.1
285 http fetch GET 200 https://registry.npmjs.org/@esbuild%2fandroid-arm64 55ms (cache revalidated)
286 http fetch GET 200 https://registry.npmjs.org/@esbuild%2flinux-loong64 49ms (cache revalidated)
287 http fetch GET 200 https://registry.npmjs.org/@esbuild%2flinux-riscv64 46ms (cache revalidated)
288 http fetch GET 200 https://registry.npmjs.org/@esbuild%2ffreebsd-arm64 66ms (cache revalidated)
289 http fetch GET 200 https://registry.npmjs.org/nanoid 37ms (cache revalidated)
290 http fetch GET 200 https://registry.npmjs.org/@esbuild%2flinux-mips64el 48ms (cache revalidated)
291 http fetch GET 200 https://registry.npmjs.org/source-map-js 79ms (cache revalidated)
292 silly placeDep ROOT @esbuild/android-arm@0.18.20 OK for: esbuild@0.18.20 want: 0.18.20
293 silly placeDep ROOT @esbuild/android-arm64@0.18.20 OK for: esbuild@0.18.20 want: 0.18.20
294 silly placeDep ROOT @esbuild/android-x64@0.18.20 OK for: esbuild@0.18.20 want: 0.18.20
295 silly placeDep ROOT @esbuild/darwin-arm64@0.18.20 OK for: esbuild@0.18.20 want: 0.18.20
296 silly placeDep ROOT @esbuild/darwin-x64@0.18.20 OK for: esbuild@0.18.20 want: 0.18.20
297 silly placeDep ROOT @esbuild/freebsd-arm64@0.18.20 OK for: esbuild@0.18.20 want: 0.18.20
298 silly placeDep ROOT @esbuild/freebsd-x64@0.18.20 OK for: esbuild@0.18.20 want: 0.18.20
299 silly placeDep ROOT @esbuild/linux-arm@0.18.20 OK for: esbuild@0.18.20 want: 0.18.20
300 silly placeDep ROOT @esbuild/linux-arm64@0.18.20 OK for: esbuild@0.18.20 want: 0.18.20
301 silly placeDep ROOT @esbuild/linux-ia32@0.18.20 OK for: esbuild@0.18.20 want: 0.18.20
302 silly placeDep ROOT @esbuild/linux-loong64@0.18.20 OK for: esbuild@0.18.20 want: 0.18.20
303 silly placeDep ROOT @esbuild/linux-mips64el@0.18.20 OK for: esbuild@0.18.20 want: 0.18.20
304 silly placeDep ROOT @esbuild/linux-ppc64@0.18.20 OK for: esbuild@0.18.20 want: 0.18.20
305 silly placeDep ROOT @esbuild/linux-riscv64@0.18.20 OK for: esbuild@0.18.20 want: 0.18.20
306 silly placeDep ROOT @esbuild/linux-s390x@0.18.20 OK for: esbuild@0.18.20 want: 0.18.20
307 silly placeDep ROOT @esbuild/linux-x64@0.18.20 OK for: esbuild@0.18.20 want: 0.18.20
308 silly placeDep ROOT @esbuild/netbsd-x64@0.18.20 OK for: esbuild@0.18.20 want: 0.18.20
309 silly placeDep ROOT @esbuild/openbsd-x64@0.18.20 OK for: esbuild@0.18.20 want: 0.18.20
310 silly placeDep ROOT @esbuild/sunos-x64@0.18.20 OK for: esbuild@0.18.20 want: 0.18.20
311 silly placeDep ROOT @esbuild/win32-arm64@0.18.20 OK for: esbuild@0.18.20 want: 0.18.20
312 silly placeDep ROOT @esbuild/win32-ia32@0.18.20 OK for: esbuild@0.18.20 want: 0.18.20
313 silly placeDep ROOT @esbuild/win32-x64@0.18.20 OK for: esbuild@0.18.20 want: 0.18.20
314 silly placeDep ROOT nanoid@3.3.7 OK for: postcss@8.4.47 want: ^3.3.7
315 silly placeDep ROOT source-map-js@1.2.1 OK for: postcss@8.4.47 want: ^1.2.1
316 silly reify moves {}
317 silly audit bulk request {
317 silly audit   '@types/react': [ '18.3.7' ],
317 silly audit   '@types/react-dom': [ '18.3.0' ],
317 silly audit   '@vitejs/plugin-react': [ '3.1.0' ],
317 silly audit   vite: [ '4.5.5' ],
317 silly audit   react: [ '18.3.1' ],
317 silly audit   'react-dom': [ '18.3.1' ],
317 silly audit   typescript: [ '4.9.5' ],
317 silly audit   '@types/prop-types': [ '15.7.13' ],
317 silly audit   csstype: [ '3.1.3' ],
317 silly audit   '@babel/core': [ '7.25.2' ],
317 silly audit   '@babel/plugin-transform-react-jsx-self': [ '7.24.7' ],
317 silly audit   '@babel/plugin-transform-react-jsx-source': [ '7.24.7' ],
317 silly audit   'magic-string': [ '0.27.0' ],
317 silly audit   'react-refresh': [ '0.14.2' ],
317 silly audit   '@ampproject/remapping': [ '2.3.0' ],
317 silly audit   '@babel/code-frame': [ '7.24.7' ],
317 silly audit   '@babel/generator': [ '7.25.6' ],
317 silly audit   '@babel/helper-compilation-targets': [ '7.25.2' ],
317 silly audit   '@babel/helper-module-transforms': [ '7.25.2' ],
317 silly audit   '@babel/helpers': [ '7.25.6' ],
317 silly audit   '@babel/parser': [ '7.25.6' ],
317 silly audit   '@babel/template': [ '7.25.0' ],
317 silly audit   '@babel/traverse': [ '7.25.6' ],
317 silly audit   '@babel/types': [ '7.25.6' ],
317 silly audit   'convert-source-map': [ '2.0.0' ],
317 silly audit   debug: [ '4.3.7' ],
317 silly audit   gensync: [ '1.0.0-beta.2' ],
317 silly audit   json5: [ '2.2.3' ],
317 silly audit   semver: [ '6.3.1' ],
317 silly audit   '@jridgewell/gen-mapping': [ '0.3.5' ],
317 silly audit   '@jridgewell/trace-mapping': [ '0.3.25' ],
317 silly audit   '@babel/highlight': [ '7.24.7' ],
317 silly audit   picocolors: [ '1.1.0' ],
317 silly audit   jsesc: [ '2.5.2' ],
317 silly audit   '@babel/compat-data': [ '7.25.4' ],
317 silly audit   '@babel/helper-validator-option': [ '7.24.8' ],
317 silly audit   browserslist: [ '4.23.3' ],
317 silly audit   'lru-cache': [ '5.1.1' ],
317 silly audit   '@babel/helper-module-imports': [ '7.24.7' ],
317 silly audit   '@babel/helper-simple-access': [ '7.24.7' ],
317 silly audit   '@babel/helper-validator-identifier': [ '7.24.7' ],
317 silly audit   chalk: [ '2.4.2' ],
317 silly audit   'js-tokens': [ '4.0.0' ],
317 silly audit   '@babel/helper-plugin-utils': [ '7.24.8' ],
317 silly audit   globals: [ '11.12.0' ],
317 silly audit   '@babel/helper-string-parser': [ '7.24.8' ],
317 silly audit   'to-fast-properties': [ '2.0.0' ],
317 silly audit   '@jridgewell/set-array': [ '1.2.1' ],
317 silly audit   '@jridgewell/sourcemap-codec': [ '1.5.0' ],
317 silly audit   '@jridgewell/resolve-uri': [ '3.1.2' ],
317 silly audit   'caniuse-lite': [ '1.0.30001662' ],
317 silly audit   'electron-to-chromium': [ '1.5.25' ],
317 silly audit   'node-releases': [ '2.0.18' ],
317 silly audit   'update-browserslist-db': [ '1.1.0' ],
317 silly audit   'ansi-styles': [ '3.2.1' ],
317 silly audit   'escape-string-regexp': [ '1.0.5' ],
317 silly audit   'supports-color': [ '5.5.0' ],
317 silly audit   'color-convert': [ '1.9.3' ],
317 silly audit   'color-name': [ '1.1.3' ],
317 silly audit   ms: [ '2.1.3' ],
317 silly audit   yallist: [ '3.1.1' ],
317 silly audit   'loose-envify': [ '1.4.0' ],
317 silly audit   scheduler: [ '0.23.2' ],
317 silly audit   'has-flag': [ '3.0.0' ],
317 silly audit   escalade: [ '3.2.0' ],
317 silly audit   esbuild: [ '0.18.20' ],
317 silly audit   fsevents: [ '2.3.3' ],
317 silly audit   postcss: [ '8.4.47' ],
317 silly audit   rollup: [ '3.29.4' ],
317 silly audit   '@esbuild/android-arm': [ '0.18.20' ],
317 silly audit   '@esbuild/android-arm64': [ '0.18.20' ],
317 silly audit   '@esbuild/android-x64': [ '0.18.20' ],
317 silly audit   '@esbuild/darwin-arm64': [ '0.18.20' ],
317 silly audit   '@esbuild/darwin-x64': [ '0.18.20' ],
317 silly audit   '@esbuild/freebsd-arm64': [ '0.18.20' ],
317 silly audit   '@esbuild/freebsd-x64': [ '0.18.20' ],
317 silly audit   '@esbuild/linux-arm': [ '0.18.20' ],
317 silly audit   '@esbuild/linux-arm64': [ '0.18.20' ],
317 silly audit   '@esbuild/linux-ia32': [ '0.18.20' ],
317 silly audit   '@esbuild/linux-loong64': [ '0.18.20' ],
317 silly audit   '@esbuild/linux-mips64el': [ '0.18.20' ],
317 silly audit   '@esbuild/linux-ppc64': [ '0.18.20' ],
317 silly audit   '@esbuild/linux-riscv64': [ '0.18.20' ],
317 silly audit   '@esbuild/linux-s390x': [ '0.18.20' ],
317 silly audit   '@esbuild/linux-x64': [ '0.18.20' ],
317 silly audit   '@esbuild/netbsd-x64': [ '0.18.20' ],
317 silly audit   '@esbuild/openbsd-x64': [ '0.18.20' ],
317 silly audit   '@esbuild/sunos-x64': [ '0.18.20' ],
317 silly audit   '@esbuild/win32-arm64': [ '0.18.20' ],
317 silly audit   '@esbuild/win32-ia32': [ '0.18.20' ],
317 silly audit   '@esbuild/win32-x64': [ '0.18.20' ],
317 silly audit   nanoid: [ '3.3.7' ],
317 silly audit   'source-map-js': [ '1.2.1' ]
317 silly audit }
318 verbose reify failed optional dependency /Users/aureliastamati/Desktop/game-hub/node_modules/@esbuild/win32-x64
319 silly reify mark deleted [
319 silly reify   '/Users/aureliastamati/Desktop/game-hub/node_modules/@esbuild/win32-x64'
319 silly reify ]
320 verbose reify failed optional dependency /Users/aureliastamati/Desktop/game-hub/node_modules/@esbuild/win32-ia32
321 silly reify mark deleted [
321 silly reify   '/Users/aureliastamati/Desktop/game-hub/node_modules/@esbuild/win32-ia32'
321 silly reify ]
322 verbose reify failed optional dependency /Users/aureliastamati/Desktop/game-hub/node_modules/@esbuild/win32-arm64
323 silly reify mark deleted [
323 silly reify   '/Users/aureliastamati/Desktop/game-hub/node_modules/@esbuild/win32-arm64'
323 silly reify ]
324 verbose reify failed optional dependency /Users/aureliastamati/Desktop/game-hub/node_modules/@esbuild/sunos-x64
325 silly reify mark deleted [
325 silly reify   '/Users/aureliastamati/Desktop/game-hub/node_modules/@esbuild/sunos-x64'
325 silly reify ]
326 verbose reify failed optional dependency /Users/aureliastamati/Desktop/game-hub/node_modules/@esbuild/openbsd-x64
327 silly reify mark deleted [
327 silly reify   '/Users/aureliastamati/Desktop/game-hub/node_modules/@esbuild/openbsd-x64'
327 silly reify ]
328 verbose reify failed optional dependency /Users/aureliastamati/Desktop/game-hub/node_modules/@esbuild/netbsd-x64
329 silly reify mark deleted [
329 silly reify   '/Users/aureliastamati/Desktop/game-hub/node_modules/@esbuild/netbsd-x64'
329 silly reify ]
330 verbose reify failed optional dependency /Users/aureliastamati/Desktop/game-hub/node_modules/@esbuild/linux-x64
331 silly reify mark deleted [
331 silly reify   '/Users/aureliastamati/Desktop/game-hub/node_modules/@esbuild/linux-x64'
331 silly reify ]
332 verbose reify failed optional dependency /Users/aureliastamati/Desktop/game-hub/node_modules/@esbuild/linux-s390x
333 silly reify mark deleted [
333 silly reify   '/Users/aureliastamati/Desktop/game-hub/node_modules/@esbuild/linux-s390x'
333 silly reify ]
334 verbose reify failed optional dependency /Users/aureliastamati/Desktop/game-hub/node_modules/@esbuild/linux-riscv64
335 silly reify mark deleted [
335 silly reify   '/Users/aureliastamati/Desktop/game-hub/node_modules/@esbuild/linux-riscv64'
335 silly reify ]
336 verbose reify failed optional dependency /Users/aureliastamati/Desktop/game-hub/node_modules/@esbuild/linux-ppc64
337 silly reify mark deleted [
337 silly reify   '/Users/aureliastamati/Desktop/game-hub/node_modules/@esbuild/linux-ppc64'
337 silly reify ]
338 verbose reify failed optional dependency /Users/aureliastamati/Desktop/game-hub/node_modules/@esbuild/linux-mips64el
339 silly reify mark deleted [
339 silly reify   '/Users/aureliastamati/Desktop/game-hub/node_modules/@esbuild/linux-mips64el'
339 silly reify ]
340 verbose reify failed optional dependency /Users/aureliastamati/Desktop/game-hub/node_modules/@esbuild/linux-loong64
341 silly reify mark deleted [
341 silly reify   '/Users/aureliastamati/Desktop/game-hub/node_modules/@esbuild/linux-loong64'
341 silly reify ]
342 verbose reify failed optional dependency /Users/aureliastamati/Desktop/game-hub/node_modules/@esbuild/linux-ia32
343 silly reify mark deleted [
343 silly reify   '/Users/aureliastamati/Desktop/game-hub/node_modules/@esbuild/linux-ia32'
343 silly reify ]
344 verbose reify failed optional dependency /Users/aureliastamati/Desktop/game-hub/node_modules/@esbuild/linux-arm64
345 silly reify mark deleted [
345 silly reify   '/Users/aureliastamati/Desktop/game-hub/node_modules/@esbuild/linux-arm64'
345 silly reify ]
346 verbose reify failed optional dependency /Users/aureliastamati/Desktop/game-hub/node_modules/@esbuild/linux-arm
347 silly reify mark deleted [
347 silly reify   '/Users/aureliastamati/Desktop/game-hub/node_modules/@esbuild/linux-arm'
347 silly reify ]
348 verbose reify failed optional dependency /Users/aureliastamati/Desktop/game-hub/node_modules/@esbuild/freebsd-x64
349 silly reify mark deleted [
349 silly reify   '/Users/aureliastamati/Desktop/game-hub/node_modules/@esbuild/freebsd-x64'
349 silly reify ]
350 verbose reify failed optional dependency /Users/aureliastamati/Desktop/game-hub/node_modules/@esbuild/freebsd-arm64
351 silly reify mark deleted [
351 silly reify   '/Users/aureliastamati/Desktop/game-hub/node_modules/@esbuild/freebsd-arm64'
351 silly reify ]
352 verbose reify failed optional dependency /Users/aureliastamati/Desktop/game-hub/node_modules/@esbuild/darwin-x64
353 silly reify mark deleted [
353 silly reify   '/Users/aureliastamati/Desktop/game-hub/node_modules/@esbuild/darwin-x64'
353 silly reify ]
354 verbose reify failed optional dependency /Users/aureliastamati/Desktop/game-hub/node_modules/@esbuild/android-x64
355 silly reify mark deleted [
355 silly reify   '/Users/aureliastamati/Desktop/game-hub/node_modules/@esbuild/android-x64'
355 silly reify ]
356 verbose reify failed optional dependency /Users/aureliastamati/Desktop/game-hub/node_modules/@esbuild/android-arm64
357 silly reify mark deleted [
357 silly reify   '/Users/aureliastamati/Desktop/game-hub/node_modules/@esbuild/android-arm64'
357 silly reify ]
358 verbose reify failed optional dependency /Users/aureliastamati/Desktop/game-hub/node_modules/@esbuild/android-arm
359 silly reify mark deleted [
359 silly reify   '/Users/aureliastamati/Desktop/game-hub/node_modules/@esbuild/android-arm'
359 silly reify ]
360 http fetch POST 200 https://registry.npmjs.org/-/npm/v1/security/advisories/bulk 362ms
361 silly audit report {}
362 info run fsevents@2.3.3 install node_modules/fsevents node-gyp rebuild
363 info run fsevents@2.3.3 install { code: 1, signal: null }
364 verbose reify failed optional dependency /Users/aureliastamati/Desktop/game-hub/node_modules/fsevents
365 silly reify mark deleted [ '/Users/aureliastamati/Desktop/game-hub/node_modules/fsevents' ]
366 info run esbuild@0.18.20 postinstall node_modules/esbuild node install.js
367 info run esbuild@0.18.20 postinstall { code: 0, signal: null }
368 silly ADD node_modules/source-map-js
369 silly ADD node_modules/nanoid
370 silly ADD
371 silly ADD
372 silly ADD
373 silly ADD
374 silly ADD
375 silly ADD
376 silly ADD
377 silly ADD
378 silly ADD
379 silly ADD
380 silly ADD
381 silly ADD
382 silly ADD
383 silly ADD
384 silly ADD
385 silly ADD
386 silly ADD
387 silly ADD
388 silly ADD node_modules/@esbuild/darwin-arm64
389 silly ADD
390 silly ADD
391 silly ADD
392 silly ADD node_modules/rollup
393 silly ADD node_modules/postcss
394 silly ADD
395 silly ADD node_modules/esbuild
396 silly ADD node_modules/escalade
397 silly ADD node_modules/has-flag
398 silly ADD node_modules/scheduler
399 silly ADD node_modules/loose-envify
400 silly ADD node_modules/yallist
401 silly ADD node_modules/ms
402 silly ADD node_modules/color-name
403 silly ADD node_modules/color-convert
404 silly ADD node_modules/supports-color
405 silly ADD node_modules/escape-string-regexp
406 silly ADD node_modules/ansi-styles
407 silly ADD node_modules/update-browserslist-db
408 silly ADD node_modules/node-releases
409 silly ADD node_modules/electron-to-chromium
410 silly ADD node_modules/caniuse-lite
411 silly ADD node_modules/@jridgewell/resolve-uri
412 silly ADD node_modules/@jridgewell/sourcemap-codec
413 silly ADD node_modules/@jridgewell/set-array
414 silly ADD node_modules/to-fast-properties
415 silly ADD node_modules/@babel/helper-string-parser
416 silly ADD node_modules/globals
417 silly ADD node_modules/@babel/helper-plugin-utils
418 silly ADD node_modules/js-tokens
419 silly ADD node_modules/chalk
420 silly ADD node_modules/@babel/helper-validator-identifier
421 silly ADD node_modules/@babel/helper-simple-access
422 silly ADD node_modules/@babel/helper-module-imports
423 silly ADD node_modules/lru-cache
424 silly ADD node_modules/browserslist
425 silly ADD node_modules/@babel/helper-validator-option
426 silly ADD node_modules/@babel/compat-data
427 silly ADD node_modules/jsesc
428 silly ADD node_modules/picocolors
429 silly ADD node_modules/@babel/highlight
430 silly ADD node_modules/@jridgewell/trace-mapping
431 silly ADD node_modules/@jridgewell/gen-mapping
432 silly ADD node_modules/semver
433 silly ADD node_modules/json5
434 silly ADD node_modules/gensync
435 silly ADD node_modules/debug
436 silly ADD node_modules/convert-source-map
437 silly ADD node_modules/@babel/types
438 silly ADD node_modules/@babel/traverse
439 silly ADD node_modules/@babel/template
440 silly ADD node_modules/@babel/parser
441 silly ADD node_modules/@babel/helpers
442 silly ADD node_modules/@babel/helper-module-transforms
443 silly ADD node_modules/@babel/helper-compilation-targets
444 silly ADD node_modules/@babel/generator
445 silly ADD node_modules/@babel/code-frame
446 silly ADD node_modules/@ampproject/remapping
447 silly ADD node_modules/react-refresh
448 silly ADD node_modules/magic-string
449 silly ADD node_modules/@babel/plugin-transform-react-jsx-source
450 silly ADD node_modules/@babel/plugin-transform-react-jsx-self
451 silly ADD node_modules/@babel/core
452 silly ADD node_modules/csstype
453 silly ADD node_modules/@types/prop-types
454 silly ADD node_modules/typescript
455 silly ADD node_modules/react-dom
456 silly ADD node_modules/react
457 silly ADD node_modules/vite
458 silly ADD node_modules/@vitejs/plugin-react
459 silly ADD node_modules/@types/react-dom
460 silly ADD node_modules/@types/react
461 verbose exit 0
462 info ok
