0 verbose cli /usr/local/bin/node /usr/local/bin/npm
1 info using npm@10.7.0
2 info using node@v20.14.0
3 silly config:load:file:/usr/local/lib/node_modules/npm/npmrc
4 silly config:load:file:/Users/aureliastamati/Desktop/.npmrc
5 silly config:load:file:/Users/aureliastamati/.npmrc
6 silly config:load:file:/usr/local/etc/npmrc
7 verbose title npm create vite@4.1.0
8 verbose argv "create" "vite@4.1.0"
9 verbose logfile logs-max:10 dir:/Users/aureliastamati/.npm/_logs/2024-09-19T11_47_16_905Z-
10 verbose logfile /Users/aureliastamati/.npm/_logs/2024-09-19T11_47_16_905Z-debug-0.log
11 silly logfile done cleaning log files
12 http fetch GET 200 https://registry.npmjs.org/npm 195ms
13 http fetch GET 200 https://registry.npmjs.org/create-vite 172ms (cache revalidated)
14 silly idealTree buildDeps
15 silly fetch manifest create-vite@4.1.0
16 http fetch GET 200 https://registry.npmjs.org/create-vite 85ms (cache revalidated)
17 silly placeDep ROOT create-vite@4.1.0 REPLACE for:  want: 4.1.0
18 silly reify mark retired [
18 silly reify   '/Users/aureliastamati/.npm/_npx/867eeaf674925f45/node_modules/create-vite'
18 silly reify ]
19 silly reify moves {
19 silly reify   '/Users/aureliastamati/.npm/_npx/867eeaf674925f45/node_modules/create-vite': '/Users/aureliastamati/.npm/_npx/867eeaf674925f45/node_modules/.create-vite-3mJeiTgs'
19 silly reify }
20 silly audit bulk request { 'create-vite': [ '4.1.0' ] }
21 http fetch POST 200 https://registry.npmjs.org/-/npm/v1/security/advisories/bulk 223ms
22 silly audit report {}
23 notice
23 notice New [33mminor[39m version of npm available! [33m10.7.0[39m -> [34m10.8.3[39m
23 notice Changelog: [34mhttps://github.com/npm/cli/releases/tag/v10.8.3[39m
23 notice To update run: [4mnpm install -g npm@10.8.3[24m
23 notice  { force: true, [Symbol(proc-log.meta)]: true }
24 verbose exit 0
25 info ok
